2019-10-28 11:11:43 +0000  Initial pipeline context: <IDEDistributionProcessingPipelineContext: 0x7fc13cf792c0; archive(resolved)='<IDEArchive: 0x7fc13c3dfe10>', distributionTask(resolved)='2', distributionDestination(resolved)='1', distributionMethod(resolved)='<IDEDistributionMethodiOSAppStoreDistribution: 0x7fc13baf4aa0>', team(resolved)='<IDEProvisioningDisambiguatableBasicTeam: 0x7fc1343c6740; teamID='QARNUHFYLX', teamName='SOFLEX SA', teamType='Company', username='cezaratevelezano@gmail.com', isFreeProvisioningTeam='0'>'>
	Chain (12, self inclusive):
	<IDEDistributionProcessingPipelineContext: 0x7fc13cf792c0; archive = '<IDEArchive: 0x7fc13c3dfe10>', distributionMethod='<IDEDistributionMethodiOSAppStoreDistribution: 0x7fc13baf4aa0>', team='<IDEProvisioningDisambiguatableBasicTeam: 0x7fc1343c6740; teamID='QARNUHFYLX', teamName='SOFLEX SA', teamType='Company', username='cezaratevelezano@gmail.com', isFreeProvisioningTeam='0'>'>
	<IDEDistributionProcessingPipelineContext: 0x7fc13cf99fc0; archive = '<IDEArchive: 0x7fc13c3dfe10>', distributionMethod='<IDEDistributionMethodiOSAppStoreDistribution: 0x7fc13baf4aa0>', team='<IDEProvisioningDisambiguatableBasicTeam: 0x7fc1343c6740; teamID='QARNUHFYLX', teamName='SOFLEX SA', teamType='Company', username='cezaratevelezano@gmail.com', isFreeProvisioningTeam='0'>'>
	<IDEDistributionContext: 0x7fc13ccf7100; archive = '<IDEArchive: 0x7fc13c3dfe10>', distributionMethod='<IDEDistributionMethodiOSAppStoreDistribution: 0x7fc13baf4aa0>', team='<IDEProvisioningDisambiguatableBasicTeam: 0x7fc1343c6740; teamID='QARNUHFYLX', teamName='SOFLEX SA', teamType='Company', username='cezaratevelezano@gmail.com', isFreeProvisioningTeam='0'>'>
	<IDEDistributionContext: 0x7fc131e889f0; archive = '<IDEArchive: 0x7fc13c3dfe10>', distributionMethod='<IDEDistributionMethodiOSAppStoreDistribution: 0x7fc13baf4aa0>', team='<IDEProvisioningDisambiguatableBasicTeam: 0x7fc1343c6740; teamID='QARNUHFYLX', teamName='SOFLEX SA', teamType='Company', username='cezaratevelezano@gmail.com', isFreeProvisioningTeam='0'>'>
	<IDEDistributionContext: 0x7fc13c842b90; archive = '<IDEArchive: 0x7fc13c3dfe10>', distributionMethod='<IDEDistributionMethodiOSAppStoreDistribution: 0x7fc13baf4aa0>', team='<IDEProvisioningDisambiguatableBasicTeam: 0x7fc1343c6740; teamID='QARNUHFYLX', teamName='SOFLEX SA', teamType='Company', username='cezaratevelezano@gmail.com', isFreeProvisioningTeam='0'>'>
	<IDEDistributionContext: 0x7fc139559ce0; archive = '<IDEArchive: 0x7fc13c3dfe10>', distributionMethod='<IDEDistributionMethodiOSAppStoreDistribution: 0x7fc13baf4aa0>', team='<IDEProvisioningDisambiguatableBasicTeam: 0x7fc1343c6740; teamID='QARNUHFYLX', teamName='SOFLEX SA', teamType='Company', username='cezaratevelezano@gmail.com', isFreeProvisioningTeam='0'>'>
	<IDEDistributionContext: 0x7fc13caee400; archive = '<IDEArchive: 0x7fc13c3dfe10>', distributionMethod='<IDEDistributionMethodiOSAppStoreDistribution: 0x7fc13baf4aa0>', team='<IDEProvisioningDisambiguatableBasicTeam: 0x7fc1343c6740; teamID='QARNUHFYLX', teamName='SOFLEX SA', teamType='Company', username='cezaratevelezano@gmail.com', isFreeProvisioningTeam='0'>'>
	<IDEDistributionContext: 0x7fc13c413f30; archive = '<IDEArchive: 0x7fc13c3dfe10>', distributionMethod='<IDEDistributionMethodiOSAppStoreDistribution: 0x7fc13baf4aa0>', team='<IDEProvisioningDisambiguatableBasicTeam: 0x7fc1343c6740; teamID='QARNUHFYLX', teamName='SOFLEX SA', teamType='Company', username='cezaratevelezano@gmail.com', isFreeProvisioningTeam='0'>'>
	<IDEDistributionContext: 0x7fc13c5a18b0; archive = '<IDEArchive: 0x7fc13c3dfe10>', distributionMethod='<IDEDistributionMethodiOSAppStoreDistribution: 0x7fc13baf4aa0>', team='<IDEProvisioningDisambiguatableBasicTeam: 0x7fc1343c6740; teamID='QARNUHFYLX', teamName='SOFLEX SA', teamType='Company', username='cezaratevelezano@gmail.com', isFreeProvisioningTeam='0'>'>
	<IDEDistributionContext: 0x7fc13cc820c0; archive = '<IDEArchive: 0x7fc13c3dfe10>', distributionMethod='<IDEDistributionMethodiOSAppStoreDistribution: 0x7fc13baf4aa0>', team='(null)'>
	<IDEDistributionContext: 0x7fc131e85140; archive = '<IDEArchive: 0x7fc13c3dfe10>', distributionMethod='<IDEDistributionMethodiOSAppStoreDistribution: 0x7fc13baf4aa0>', team='(null)'>
	<IDEDistributionContext: 0x7fc1320cf3e0; archive = '<IDEArchive: 0x7fc13c3dfe10>', distributionMethod='(null)', team='(null)'>
</IDEDistributionProcessingPipelineContext: 0x7fc13cf792c0>
2019-10-28 11:11:43 +0000  Processing step: IDEDistributionCreateDestRootStep
2019-10-28 11:11:43 +0000  Processing step: IDEDistributionCopyItemStep
2019-10-28 11:11:43 +0000  Running /usr/bin/ditto '-V' '/Users/ezequiel/Library/Developer/Xcode/Archives/2019-07-11/mobile 911 11-07-2019, 12.50.xcarchive/Products/Applications/mobile 911.app' '/var/folders/49/x980jxds1475p7jyl_qsg7wm0000gn/T/XcodeDistPipeline.~~~NIC8Hy/Root/Payload/mobile 911.app'
2019-10-28 11:11:43 +0000  >>> Copying /Users/ezequiel/Library/Developer/Xcode/Archives/2019-07-11/mobile 911 11-07-2019, 12.50.xcarchive/Products/Applications/mobile 911.app 
2019-10-28 11:11:43 +0000  copying file ./_CodeSignature/CodeResources ... 
2019-10-28 11:11:43 +0000  16693 bytes for ./_CodeSignature/CodeResources
2019-10-28 11:11:43 +0000  copying file ./es-419.lproj/LaunchScreen.strings ... 
2019-10-28 11:11:43 +0000  1 bytes for ./es-419.lproj/LaunchScreen.strings
2019-10-28 11:11:43 +0000  copying file ./es-419.lproj/Main.strings ... 
2019-10-28 11:11:43 +0000  1833 bytes for ./es-419.lproj/Main.strings
2019-10-28 11:11:43 +0000  copying file ./AppIcon60x60@2x.png ... 
2019-10-28 11:11:43 +0000  5255 bytes for ./AppIcon60x60@2x.png
2019-10-28 11:11:43 +0000  copying file ./Base.lproj/Main.storyboardc/datos.nib ... 
2019-10-28 11:11:43 +0000  1030 bytes for ./Base.lproj/Main.storyboardc/datos.nib
2019-10-28 11:11:43 +0000  copying file ./Base.lproj/Main.storyboardc/Rs7-lt-orJ-view-M8L-ff-6Z3.nib ... 
2019-10-28 11:11:43 +0000  4067 bytes for ./Base.lproj/Main.storyboardc/Rs7-lt-orJ-view-M8L-ff-6Z3.nib
copying file ./Base.lproj/Main.storyboardc/KGR-zb-h9i-view-WfM-hV-Ius.nib ... 
2019-10-28 11:11:43 +0000  7085 bytes for ./Base.lproj/Main.storyboardc/KGR-zb-h9i-view-WfM-hV-Ius.nib
2019-10-28 11:11:43 +0000  copying file ./Base.lproj/Main.storyboardc/ut7-Rn-7cq-view-KDT-xn-dM1.nib ... 
2019-10-28 11:11:43 +0000  3083 bytes for ./Base.lproj/Main.storyboardc/ut7-Rn-7cq-view-KDT-xn-dM1.nib
copying file ./Base.lproj/Main.storyboardc/QhX-KN-b6V-view-pKq-8h-HT1.nib ... 
2019-10-28 11:11:43 +0000  4597 bytes for ./Base.lproj/Main.storyboardc/QhX-KN-b6V-view-pKq-8h-HT1.nib
2019-10-28 11:11:43 +0000  copying file ./Base.lproj/Main.storyboardc/DKQ-Kl-Env-view-2g8-EW-I4X.nib ... 
2019-10-28 11:11:43 +0000  25689 bytes for ./Base.lproj/Main.storyboardc/DKQ-Kl-Env-view-2g8-EW-I4X.nib
copying file ./Base.lproj/Main.storyboardc/UIViewController-Rs7-lt-orJ.nib ... 
2019-10-28 11:11:43 +0000  1697 bytes for ./Base.lproj/Main.storyboardc/UIViewController-Rs7-lt-orJ.nib
2019-10-28 11:11:43 +0000  copying file ./Base.lproj/Main.storyboardc/inicio.nib ... 
2019-10-28 11:11:43 +0000  1289 bytes for ./Base.lproj/Main.storyboardc/inicio.nib
copying file ./Base.lproj/Main.storyboardc/UIViewController-QhX-KN-b6V.nib ... 
2019-10-28 11:11:43 +0000  1775 bytes for ./Base.lproj/Main.storyboardc/UIViewController-QhX-KN-b6V.nib
copying file ./Base.lproj/Main.storyboardc/mapa.nib ... 
2019-10-28 11:11:43 +0000  2016 bytes for ./Base.lproj/Main.storyboardc/mapa.nib
2019-10-28 11:11:43 +0000  copying file ./Base.lproj/Main.storyboardc/about.nib ... 
2019-10-28 11:11:43 +0000  1525 bytes for ./Base.lproj/Main.storyboardc/about.nib
copying file ./Base.lproj/Main.storyboardc/BYZ-38-t0r-view-8bC-Xf-vdC.nib ... 
2019-10-28 11:11:43 +0000  7084 bytes for ./Base.lproj/Main.storyboardc/BYZ-38-t0r-view-8bC-Xf-vdC.nib
copying file ./Base.lproj/Main.storyboardc/chq-qP-qUK-view-BXv-KR-1rK.nib ... 
2019-10-28 11:11:43 +0000  5475 bytes for ./Base.lproj/Main.storyboardc/chq-qP-qUK-view-BXv-KR-1rK.nib
2019-10-28 11:11:43 +0000  copying file ./Base.lproj/Main.storyboardc/UINavigationController-8gF-0l-BWN.nib ... 
2019-10-28 11:11:43 +0000  2666 bytes for ./Base.lproj/Main.storyboardc/UINavigationController-8gF-0l-BWN.nib
copying file ./Base.lproj/Main.storyboardc/Info.plist ... 
2019-10-28 11:11:43 +0000  555 bytes for ./Base.lproj/Main.storyboardc/Info.plist
copying file ./Base.lproj/Main.storyboardc/UIViewController-DKQ-Kl-Env.nib ... 
2019-10-28 11:11:43 +0000  1079 bytes for ./Base.lproj/Main.storyboardc/UIViewController-DKQ-Kl-Env.nib
2019-10-28 11:11:43 +0000  copying file ./Base.lproj/LaunchScreen.storyboardc/01J-lp-oVM-view-Ze5-6b-2t3.nib ... 
2019-10-28 11:11:43 +0000  1136 bytes for ./Base.lproj/LaunchScreen.storyboardc/01J-lp-oVM-view-Ze5-6b-2t3.nib
copying file ./Base.lproj/LaunchScreen.storyboardc/UIViewController-01J-lp-oVM.nib ... 
2019-10-28 11:11:43 +0000  832 bytes for ./Base.lproj/LaunchScreen.storyboardc/UIViewController-01J-lp-oVM.nib
2019-10-28 11:11:43 +0000  copying file ./Base.lproj/LaunchScreen.storyboardc/Info.plist ... 
2019-10-28 11:11:43 +0000  258 bytes for ./Base.lproj/LaunchScreen.storyboardc/Info.plist
2019-10-28 11:11:43 +0000  copying file ./mobile 911 ... 
2019-10-28 11:11:43 +0000  1595392 bytes for ./mobile 911
copying file ./Assets.car ... 
2019-10-28 11:11:43 +0000  284072 bytes for ./Assets.car
2019-10-28 11:11:43 +0000  copying file ./Frameworks/libswiftMapKit.dylib ... 
2019-10-28 11:11:43 +0000  470432 bytes for ./Frameworks/libswiftMapKit.dylib
copying file ./Frameworks/libswiftCoreImage.dylib ... 
2019-10-28 11:11:43 +0000  466576 bytes for ./Frameworks/libswiftCoreImage.dylib
2019-10-28 11:11:43 +0000  copying file ./Frameworks/libswiftObjectiveC.dylib ... 
2019-10-28 11:11:43 +0000  679680 bytes for ./Frameworks/libswiftObjectiveC.dylib
copying file ./Frameworks/libswiftCore.dylib ... 
2019-10-28 11:11:44 +0000  95497584 bytes for ./Frameworks/libswiftCore.dylib
2019-10-28 11:11:44 +0000  copying file ./Frameworks/libswiftCoreGraphics.dylib ... 
2019-10-28 11:11:44 +0000  2041040 bytes for ./Frameworks/libswiftCoreGraphics.dylib
2019-10-28 11:11:44 +0000  copying file ./Frameworks/libswiftUIKit.dylib ... 
2019-10-28 11:11:44 +0000  1608800 bytes for ./Frameworks/libswiftUIKit.dylib
copying file ./Frameworks/libswiftMetal.dylib ... 
2019-10-28 11:11:44 +0000  724416 bytes for ./Frameworks/libswiftMetal.dylib
2019-10-28 11:11:44 +0000  copying file ./Frameworks/libswiftDispatch.dylib ... 
2019-10-28 11:11:44 +0000  4056912 bytes for ./Frameworks/libswiftDispatch.dylib
2019-10-28 11:11:44 +0000  copying file ./Frameworks/libswiftos.dylib ... 
2019-10-28 11:11:44 +0000  857184 bytes for ./Frameworks/libswiftos.dylib
2019-10-28 11:11:44 +0000  copying file ./Frameworks/libswiftCoreFoundation.dylib ... 
2019-10-28 11:11:44 +0000  450384 bytes for ./Frameworks/libswiftCoreFoundation.dylib
2019-10-28 11:11:44 +0000  copying file ./Frameworks/Eureka.framework/_CodeSignature/CodeResources ... 
2019-10-28 11:11:44 +0000  3768 bytes for ./Frameworks/Eureka.framework/_CodeSignature/CodeResources
2019-10-28 11:11:44 +0000  copying file ./Frameworks/Eureka.framework/Eureka ... 
2019-10-28 11:11:44 +0000  9622976 bytes for ./Frameworks/Eureka.framework/Eureka
2019-10-28 11:11:44 +0000  copying file ./Frameworks/Eureka.framework/Eureka.bundle/forward-chevron@3x.png ... 
1710 bytes for ./Frameworks/Eureka.framework/Eureka.bundle/forward-chevron@3x.png
copying file ./Frameworks/Eureka.framework/Eureka.bundle/forward-chevron@2x.png ... 
1543 bytes for ./Frameworks/Eureka.framework/Eureka.bundle/forward-chevron@2x.png
copying file ./Frameworks/Eureka.framework/Eureka.bundle/back-chevron@1x.png ... 
1376 bytes for ./Frameworks/Eureka.framework/Eureka.bundle/back-chevron@1x.png
copying file ./Frameworks/Eureka.framework/Eureka.bundle/forward-chevron@1x.png ... 
2019-10-28 11:11:44 +0000  1400 bytes for ./Frameworks/Eureka.framework/Eureka.bundle/forward-chevron@1x.png
2019-10-28 11:11:44 +0000  copying file ./Frameworks/Eureka.framework/Eureka.bundle/back-chevron@2x.png ... 
2019-10-28 11:11:44 +0000  1534 bytes for ./Frameworks/Eureka.framework/Eureka.bundle/back-chevron@2x.png
copying file ./Frameworks/Eureka.framework/Eureka.bundle/back-chevron@3x.png ... 
2019-10-28 11:11:44 +0000  1699 bytes for ./Frameworks/Eureka.framework/Eureka.bundle/back-chevron@3x.png
2019-10-28 11:11:44 +0000  copying file ./Frameworks/Eureka.framework/Info.plist ... 
2019-10-28 11:11:44 +0000  736 bytes for ./Frameworks/Eureka.framework/Info.plist
2019-10-28 11:11:44 +0000  copying file ./Frameworks/libswiftDarwin.dylib ... 
2019-10-28 11:11:44 +0000  1091440 bytes for ./Frameworks/libswiftDarwin.dylib
2019-10-28 11:11:44 +0000  copying file ./Frameworks/libswiftQuartzCore.dylib ... 
2019-10-28 11:11:44 +0000  486352 bytes for ./Frameworks/libswiftQuartzCore.dylib
2019-10-28 11:11:44 +0000  copying file ./Frameworks/Toast_Swift.framework/_CodeSignature/CodeResources ... 
2019-10-28 11:11:44 +0000  1798 bytes for ./Frameworks/Toast_Swift.framework/_CodeSignature/CodeResources
2019-10-28 11:11:44 +0000  copying file ./Frameworks/Toast_Swift.framework/Toast_Swift ... 
2019-10-28 11:11:44 +0000  504592 bytes for ./Frameworks/Toast_Swift.framework/Toast_Swift
2019-10-28 11:11:44 +0000  copying file ./Frameworks/Toast_Swift.framework/Info.plist ... 
2019-10-28 11:11:44 +0000  746 bytes for ./Frameworks/Toast_Swift.framework/Info.plist
2019-10-28 11:11:44 +0000  copying file ./Frameworks/SnapKit.framework/_CodeSignature/CodeResources ... 
2019-10-28 11:11:44 +0000  1798 bytes for ./Frameworks/SnapKit.framework/_CodeSignature/CodeResources
2019-10-28 11:11:44 +0000  copying file ./Frameworks/SnapKit.framework/SnapKit ... 
2019-10-28 11:11:44 +0000  1280400 bytes for ./Frameworks/SnapKit.framework/SnapKit
copying file ./Frameworks/SnapKit.framework/Info.plist ... 
2019-10-28 11:11:44 +0000  738 bytes for ./Frameworks/SnapKit.framework/Info.plist
2019-10-28 11:11:44 +0000  copying file ./Frameworks/libswiftFoundation.dylib ... 
2019-10-28 11:11:44 +0000  43094320 bytes for ./Frameworks/libswiftFoundation.dylib
copying file ./Frameworks/libswiftCoreLocation.dylib ... 
2019-10-28 11:11:44 +0000  730224 bytes for ./Frameworks/libswiftCoreLocation.dylib
copying file ./embedded.mobileprovision ... 
2019-10-28 11:11:44 +0000  17385 bytes for ./embedded.mobileprovision
2019-10-28 11:11:44 +0000  copying file ./Info.plist ... 
2019-10-28 11:11:44 +0000  1798 bytes for ./Info.plist
2019-10-28 11:11:44 +0000  copying file ./PkgInfo ... 
2019-10-28 11:11:44 +0000  8 bytes for ./PkgInfo
2019-10-28 11:11:44 +0000  /usr/bin/ditto exited with 0
2019-10-28 11:11:44 +0000  Processing step: IDEDistributionEmbedProfileStep
2019-10-28 11:11:44 +0000  Skipping profile for item: <IDEDistributionItem: 0x7fc13bc1fb50 'org.cocoapods.Eureka' '<DVTFilePath:0x7fc13cb47e30:'/Users/ezequiel/Library/Developer/Xcode/Archives/2019-07-11/mobile 911 11-07-2019, 12.50.xcarchive/Products/Applications/mobile 911.app/Frameworks/Eureka.framework'>'>
2019-10-28 11:11:44 +0000  Skipping profile for item: <IDEDistributionItem: 0x7fc13ccc2df0 'org.cocoapods.SnapKit' '<DVTFilePath:0x7fc13ca4ef30:'/Users/ezequiel/Library/Developer/Xcode/Archives/2019-07-11/mobile 911 11-07-2019, 12.50.xcarchive/Products/Applications/mobile 911.app/Frameworks/SnapKit.framework'>'>
2019-10-28 11:11:44 +0000  Skipping profile for item: <IDEDistributionItem: 0x7fc13cc15e70 'org.cocoapods.Toast-Swift' '<DVTFilePath:0x7fc13cc694b0:'/Users/ezequiel/Library/Developer/Xcode/Archives/2019-07-11/mobile 911 11-07-2019, 12.50.xcarchive/Products/Applications/mobile 911.app/Frameworks/Toast_Swift.framework'>'>
2019-10-28 11:11:44 +0000  Skipping profile for item: <IDEDistributionItem: 0x7fc13caafb70 'com.apple.dt.runtime.swiftCore' '<DVTFilePath:0x7fc13caa7fe0:'/Users/ezequiel/Library/Developer/Xcode/Archives/2019-07-11/mobile 911 11-07-2019, 12.50.xcarchive/Products/Applications/mobile 911.app/Frameworks/libswiftCore.dylib'>'>
2019-10-28 11:11:44 +0000  Skipping profile for item: <IDEDistributionItem: 0x7fc13ccbf8d0 'com.apple.dt.runtime.swiftCoreFoundation' '<DVTFilePath:0x7fc13bc63400:'/Users/ezequiel/Library/Developer/Xcode/Archives/2019-07-11/mobile 911 11-07-2019, 12.50.xcarchive/Products/Applications/mobile 911.app/Frameworks/libswiftCoreFoundation.dylib'>'>
2019-10-28 11:11:44 +0000  Skipping profile for item: <IDEDistributionItem: 0x7fc13cce0d10 'com.apple.dt.runtime.swiftCoreGraphics' '<DVTFilePath:0x7fc1320cc3f0:'/Users/ezequiel/Library/Developer/Xcode/Archives/2019-07-11/mobile 911 11-07-2019, 12.50.xcarchive/Products/Applications/mobile 911.app/Frameworks/libswiftCoreGraphics.dylib'>'>
2019-10-28 11:11:44 +0000  Skipping profile for item: <IDEDistributionItem: 0x7fc1351dada0 'com.apple.dt.runtime.swiftCoreImage' '<DVTFilePath:0x7fc13ca60990:'/Users/ezequiel/Library/Developer/Xcode/Archives/2019-07-11/mobile 911 11-07-2019, 12.50.xcarchive/Products/Applications/mobile 911.app/Frameworks/libswiftCoreImage.dylib'>'>
2019-10-28 11:11:44 +0000  Skipping profile for item: <IDEDistributionItem: 0x7fc1320aca20 'com.apple.dt.runtime.swiftCoreLocation' '<DVTFilePath:0x7fc13cc68720:'/Users/ezequiel/Library/Developer/Xcode/Archives/2019-07-11/mobile 911 11-07-2019, 12.50.xcarchive/Products/Applications/mobile 911.app/Frameworks/libswiftCoreLocation.dylib'>'>
2019-10-28 11:11:44 +0000  Skipping profile for item: <IDEDistributionItem: 0x7fc13c00e2c0 'com.apple.dt.runtime.swiftDarwin' '<DVTFilePath:0x7fc13ccb50b0:'/Users/ezequiel/Library/Developer/Xcode/Archives/2019-07-11/mobile 911 11-07-2019, 12.50.xcarchive/Products/Applications/mobile 911.app/Frameworks/libswiftDarwin.dylib'>'>
2019-10-28 11:11:44 +0000  Skipping profile for item: <IDEDistributionItem: 0x7fc13ca8baf0 'com.apple.dt.runtime.swiftDispatch' '<DVTFilePath:0x7fc13900aab0:'/Users/ezequiel/Library/Developer/Xcode/Archives/2019-07-11/mobile 911 11-07-2019, 12.50.xcarchive/Products/Applications/mobile 911.app/Frameworks/libswiftDispatch.dylib'>'>
2019-10-28 11:11:44 +0000  Skipping profile for item: <IDEDistributionItem: 0x7fc13cc98610 'com.apple.dt.runtime.swiftFoundation' '<DVTFilePath:0x7fc13c5c97e0:'/Users/ezequiel/Library/Developer/Xcode/Archives/2019-07-11/mobile 911 11-07-2019, 12.50.xcarchive/Products/Applications/mobile 911.app/Frameworks/libswiftFoundation.dylib'>'>
2019-10-28 11:11:44 +0000  Skipping profile for item: <IDEDistributionItem: 0x7fc13bf51690 'com.apple.dt.runtime.swiftMapKit' '<DVTFilePath:0x7fc1343be6d0:'/Users/ezequiel/Library/Developer/Xcode/Archives/2019-07-11/mobile 911 11-07-2019, 12.50.xcarchive/Products/Applications/mobile 911.app/Frameworks/libswiftMapKit.dylib'>'>
2019-10-28 11:11:44 +0000  Skipping profile for item: <IDEDistributionItem: 0x7fc13cca4640 'com.apple.dt.runtime.swiftMetal' '<DVTFilePath:0x7fc13bc38580:'/Users/ezequiel/Library/Developer/Xcode/Archives/2019-07-11/mobile 911 11-07-2019, 12.50.xcarchive/Products/Applications/mobile 911.app/Frameworks/libswiftMetal.dylib'>'>
2019-10-28 11:11:44 +0000  Skipping profile for item: <IDEDistributionItem: 0x7fc12e7e5740 'com.apple.dt.runtime.swiftObjectiveC' '<DVTFilePath:0x7fc13c4e9e30:'/Users/ezequiel/Library/Developer/Xcode/Archives/2019-07-11/mobile 911 11-07-2019, 12.50.xcarchive/Products/Applications/mobile 911.app/Frameworks/libswiftObjectiveC.dylib'>'>
2019-10-28 11:11:44 +0000  Skipping profile for item: <IDEDistributionItem: 0x7fc13ccf42f0 'com.apple.dt.runtime.swiftQuartzCore' '<DVTFilePath:0x7fc13bea9430:'/Users/ezequiel/Library/Developer/Xcode/Archives/2019-07-11/mobile 911 11-07-2019, 12.50.xcarchive/Products/Applications/mobile 911.app/Frameworks/libswiftQuartzCore.dylib'>'>
2019-10-28 11:11:44 +0000  Skipping profile for item: <IDEDistributionItem: 0x7fc13ca40720 'com.apple.dt.runtime.swiftUIKit' '<DVTFilePath:0x7fc1351ed460:'/Users/ezequiel/Library/Developer/Xcode/Archives/2019-07-11/mobile 911 11-07-2019, 12.50.xcarchive/Products/Applications/mobile 911.app/Frameworks/libswiftUIKit.dylib'>'>
2019-10-28 11:11:44 +0000  Skipping profile for item: <IDEDistributionItem: 0x7fc13bf1dd20 'com.apple.dt.runtime.swiftos' '<DVTFilePath:0x7fc13bc42830:'/Users/ezequiel/Library/Developer/Xcode/Archives/2019-07-11/mobile 911 11-07-2019, 12.50.xcarchive/Products/Applications/mobile 911.app/Frameworks/libswiftos.dylib'>'>
2019-10-28 11:11:44 +0000  Processing step: IDEDistributionItemRemovalStep
2019-10-28 11:11:44 +0000  Processing step: IDEDistributionAppThinningPlistStep
2019-10-28 11:11:44 +0000  Processing step: IDEDistributionCompileBitcodeStep
2019-10-28 11:11:44 +0000  Skipping step: IDEDistributionCompileBitcodeStep because it said so
2019-10-28 11:11:44 +0000  Processing step: IDEDistributionCodeSlimmingStep
2019-10-28 11:11:44 +0000  Processing step: IDEDistributionCopyBCSymbolMapsStep
2019-10-28 11:11:44 +0000  Skipping step: IDEDistributionCopyBCSymbolMapsStep because it said so
2019-10-28 11:11:44 +0000  Skipping step: IDEDistributionCopyBCSymbolMapsStep because it said so
2019-10-28 11:11:44 +0000  Skipping step: IDEDistributionCopyBCSymbolMapsStep because it said so
2019-10-28 11:11:44 +0000  Skipping step: IDEDistributionCopyBCSymbolMapsStep because it said so
2019-10-28 11:11:44 +0000  Skipping step: IDEDistributionCopyBCSymbolMapsStep because it said so
2019-10-28 11:11:44 +0000  Skipping step: IDEDistributionCopyBCSymbolMapsStep because it said so
2019-10-28 11:11:44 +0000  Skipping step: IDEDistributionCopyBCSymbolMapsStep because it said so
2019-10-28 11:11:44 +0000  Skipping step: IDEDistributionCopyBCSymbolMapsStep because it said so
2019-10-28 11:11:44 +0000  Skipping step: IDEDistributionCopyBCSymbolMapsStep because it said so
2019-10-28 11:11:44 +0000  Skipping step: IDEDistributionCopyBCSymbolMapsStep because it said so
2019-10-28 11:11:44 +0000  Skipping step: IDEDistributionCopyBCSymbolMapsStep because it said so
2019-10-28 11:11:44 +0000  Skipping step: IDEDistributionCopyBCSymbolMapsStep because it said so
2019-10-28 11:11:44 +0000  Skipping step: IDEDistributionCopyBCSymbolMapsStep because it said so
2019-10-28 11:11:44 +0000  Skipping step: IDEDistributionCopyBCSymbolMapsStep because it said so
2019-10-28 11:11:44 +0000  Skipping step: IDEDistributionCopyBCSymbolMapsStep because it said so
2019-10-28 11:11:44 +0000  Skipping step: IDEDistributionCopyBCSymbolMapsStep because it said so
2019-10-28 11:11:44 +0000  Skipping step: IDEDistributionCopyBCSymbolMapsStep because it said so
2019-10-28 11:11:44 +0000  Skipping step: IDEDistributionCopyBCSymbolMapsStep because it said so
2019-10-28 11:11:44 +0000  Processing step: IDEDistributionSymbolsStep
2019-10-28 11:11:44 +0000  Skipping step: IDEDistributionSymbolsStep because it said so
2019-10-28 11:11:44 +0000  Skipping step: IDEDistributionSymbolsStep because it said so
2019-10-28 11:11:44 +0000  Skipping step: IDEDistributionSymbolsStep because it said so
2019-10-28 11:11:44 +0000  Skipping step: IDEDistributionSymbolsStep because it said so
2019-10-28 11:11:44 +0000  Skipping step: IDEDistributionSymbolsStep because it said so
2019-10-28 11:11:44 +0000  Skipping step: IDEDistributionSymbolsStep because it said so
2019-10-28 11:11:44 +0000  Skipping step: IDEDistributionSymbolsStep because it said so
2019-10-28 11:11:44 +0000  Skipping step: IDEDistributionSymbolsStep because it said so
2019-10-28 11:11:44 +0000  Skipping step: IDEDistributionSymbolsStep because it said so
2019-10-28 11:11:44 +0000  Skipping step: IDEDistributionSymbolsStep because it said so
2019-10-28 11:11:44 +0000  Skipping step: IDEDistributionSymbolsStep because it said so
2019-10-28 11:11:44 +0000  Skipping step: IDEDistributionSymbolsStep because it said so
2019-10-28 11:11:44 +0000  Skipping step: IDEDistributionSymbolsStep because it said so
2019-10-28 11:11:44 +0000  Skipping step: IDEDistributionSymbolsStep because it said so
2019-10-28 11:11:44 +0000  Skipping step: IDEDistributionSymbolsStep because it said so
2019-10-28 11:11:44 +0000  Skipping step: IDEDistributionSymbolsStep because it said so
2019-10-28 11:11:44 +0000  Skipping step: IDEDistributionSymbolsStep because it said so
2019-10-28 11:11:44 +0000  Skipping step: IDEDistributionSymbolsStep because it said so
2019-10-28 11:11:44 +0000  Processing step: IDEDistributionCopyAppleProvidedContentStep
2019-10-28 11:11:44 +0000  Running /usr/bin/ditto '-V' '/Users/ezequiel/Library/Developer/Xcode/Archives/2019-07-11/mobile 911 11-07-2019, 12.50.xcarchive/SwiftSupport' '/var/folders/49/x980jxds1475p7jyl_qsg7wm0000gn/T/XcodeDistPipeline.~~~NIC8Hy/Root/SwiftSupport'
2019-10-28 11:11:44 +0000  >>> Copying /Users/ezequiel/Library/Developer/Xcode/Archives/2019-07-11/mobile 911 11-07-2019, 12.50.xcarchive/SwiftSupport 
2019-10-28 11:11:44 +0000  copying file ./iphoneos/libswiftMapKit.dylib ... 
2019-10-28 11:11:44 +0000  555442 bytes for ./iphoneos/libswiftMapKit.dylib
2019-10-28 11:11:44 +0000  copying file ./iphoneos/libswiftCoreImage.dylib ... 
2019-10-28 11:11:44 +0000  474638 bytes for ./iphoneos/libswiftCoreImage.dylib
2019-10-28 11:11:44 +0000  copying file ./iphoneos/libswiftObjectiveC.dylib ... 
2019-10-28 11:11:44 +0000  795664 bytes for ./iphoneos/libswiftObjectiveC.dylib
2019-10-28 11:11:44 +0000  copying file ./iphoneos/libswiftCore.dylib ... 
2019-10-28 11:11:44 +0000  140418790 bytes for ./iphoneos/libswiftCore.dylib
2019-10-28 11:11:44 +0000  copying file ./iphoneos/libswiftCoreGraphics.dylib ... 
2019-10-28 11:11:44 +0000  2688450 bytes for ./iphoneos/libswiftCoreGraphics.dylib
2019-10-28 11:11:44 +0000  copying file ./iphoneos/libswiftUIKit.dylib ... 
2019-10-28 11:11:44 +0000  2149504 bytes for ./iphoneos/libswiftUIKit.dylib
copying file ./iphoneos/libswiftMetal.dylib ... 
2019-10-28 11:11:44 +0000  838789 bytes for ./iphoneos/libswiftMetal.dylib
2019-10-28 11:11:44 +0000  copying file ./iphoneos/libswiftDispatch.dylib ... 
2019-10-28 11:11:44 +0000  5456696 bytes for ./iphoneos/libswiftDispatch.dylib
2019-10-28 11:11:44 +0000  copying file ./iphoneos/libswiftos.dylib ... 
2019-10-28 11:11:44 +0000  1079649 bytes for ./iphoneos/libswiftos.dylib
2019-10-28 11:11:44 +0000  copying file ./iphoneos/libswiftCoreFoundation.dylib ... 
2019-10-28 11:11:44 +0000  445022 bytes for ./iphoneos/libswiftCoreFoundation.dylib
2019-10-28 11:11:44 +0000  copying file ./iphoneos/libswiftDarwin.dylib ... 
2019-10-28 11:11:44 +0000  1369298 bytes for ./iphoneos/libswiftDarwin.dylib
2019-10-28 11:11:44 +0000  copying file ./iphoneos/libswiftQuartzCore.dylib ... 
2019-10-28 11:11:44 +0000  570749 bytes for ./iphoneos/libswiftQuartzCore.dylib
2019-10-28 11:11:44 +0000  copying file ./iphoneos/libswiftFoundation.dylib ... 
2019-10-28 11:11:44 +0000  62245532 bytes for ./iphoneos/libswiftFoundation.dylib
2019-10-28 11:11:44 +0000  copying file ./iphoneos/libswiftCoreLocation.dylib ... 
2019-10-28 11:11:44 +0000  911125 bytes for ./iphoneos/libswiftCoreLocation.dylib
2019-10-28 11:11:44 +0000  /usr/bin/ditto exited with 0
2019-10-28 11:11:44 +0000  Processing step: IDEDistributionAppThinningStep
2019-10-28 11:11:44 +0000  Skipping step: IDEDistributionAppThinningStep because it said so
2019-10-28 11:11:44 +0000  Processing step: IDEDistributionArchThinningStep
2019-10-28 11:11:44 +0000  Running /Applications/Xcode.app/Contents/Developer/Toolchains/XcodeDefault.xctoolchain/usr/bin/lipo '/var/folders/49/x980jxds1475p7jyl_qsg7wm0000gn/T/XcodeDistPipeline.~~~NIC8Hy/Root/Payload/mobile 911.app/Frameworks/Eureka.framework/Eureka' '-verify_arch' 'arm64e'
2019-10-28 11:11:44 +0000  /Applications/Xcode.app/Contents/Developer/Toolchains/XcodeDefault.xctoolchain/usr/bin/lipo exited with 1
2019-10-28 11:11:44 +0000  Skipping architecture thinning for item "Eureka" because arch "arm64e" wasn't found
2019-10-28 11:11:44 +0000  Running /Applications/Xcode.app/Contents/Developer/Toolchains/XcodeDefault.xctoolchain/usr/bin/lipo '/var/folders/49/x980jxds1475p7jyl_qsg7wm0000gn/T/XcodeDistPipeline.~~~NIC8Hy/Root/Payload/mobile 911.app/Frameworks/SnapKit.framework/SnapKit' '-verify_arch' 'arm64e'
2019-10-28 11:11:44 +0000  /Applications/Xcode.app/Contents/Developer/Toolchains/XcodeDefault.xctoolchain/usr/bin/lipo exited with 1
2019-10-28 11:11:44 +0000  Skipping architecture thinning for item "SnapKit" because arch "arm64e" wasn't found
2019-10-28 11:11:44 +0000  Running /Applications/Xcode.app/Contents/Developer/Toolchains/XcodeDefault.xctoolchain/usr/bin/lipo '/var/folders/49/x980jxds1475p7jyl_qsg7wm0000gn/T/XcodeDistPipeline.~~~NIC8Hy/Root/Payload/mobile 911.app/Frameworks/Toast_Swift.framework/Toast_Swift' '-verify_arch' 'arm64e'
2019-10-28 11:11:44 +0000  /Applications/Xcode.app/Contents/Developer/Toolchains/XcodeDefault.xctoolchain/usr/bin/lipo exited with 1
2019-10-28 11:11:44 +0000  Skipping architecture thinning for item "Toast_Swift" because arch "arm64e" wasn't found
2019-10-28 11:11:44 +0000  Running /Applications/Xcode.app/Contents/Developer/Toolchains/XcodeDefault.xctoolchain/usr/bin/lipo '/var/folders/49/x980jxds1475p7jyl_qsg7wm0000gn/T/XcodeDistPipeline.~~~NIC8Hy/Root/Payload/mobile 911.app/Frameworks/libswiftCore.dylib' '-verify_arch' 'arm64e'
2019-10-28 11:11:44 +0000  /Applications/Xcode.app/Contents/Developer/Toolchains/XcodeDefault.xctoolchain/usr/bin/lipo exited with 0
2019-10-28 11:11:44 +0000  Running /Applications/Xcode.app/Contents/Developer/Toolchains/XcodeDefault.xctoolchain/usr/bin/lipo '/var/folders/49/x980jxds1475p7jyl_qsg7wm0000gn/T/XcodeDistPipeline.~~~NIC8Hy/Root/Payload/mobile 911.app/Frameworks/libswiftCore.dylib' '-remove' 'arm64e' '-output' '/var/folders/49/x980jxds1475p7jyl_qsg7wm0000gn/T/XcodeDistPipeline.~~~NIC8Hy/Root/Payload/mobile 911.app/Frameworks/libswiftCore.dylib'
2019-10-28 11:11:44 +0000  /Applications/Xcode.app/Contents/Developer/Toolchains/XcodeDefault.xctoolchain/usr/bin/lipo exited with 0
2019-10-28 11:11:44 +0000  Successfully thinned item "libswiftCore.dylib", arch "arm64e"
2019-10-28 11:11:44 +0000  Running /Applications/Xcode.app/Contents/Developer/Toolchains/XcodeDefault.xctoolchain/usr/bin/lipo '/var/folders/49/x980jxds1475p7jyl_qsg7wm0000gn/T/XcodeDistPipeline.~~~NIC8Hy/Root/Payload/mobile 911.app/Frameworks/libswiftCoreFoundation.dylib' '-verify_arch' 'arm64e'
2019-10-28 11:11:44 +0000  /Applications/Xcode.app/Contents/Developer/Toolchains/XcodeDefault.xctoolchain/usr/bin/lipo exited with 0
2019-10-28 11:11:44 +0000  Running /Applications/Xcode.app/Contents/Developer/Toolchains/XcodeDefault.xctoolchain/usr/bin/lipo '/var/folders/49/x980jxds1475p7jyl_qsg7wm0000gn/T/XcodeDistPipeline.~~~NIC8Hy/Root/Payload/mobile 911.app/Frameworks/libswiftCoreFoundation.dylib' '-remove' 'arm64e' '-output' '/var/folders/49/x980jxds1475p7jyl_qsg7wm0000gn/T/XcodeDistPipeline.~~~NIC8Hy/Root/Payload/mobile 911.app/Frameworks/libswiftCoreFoundation.dylib'
2019-10-28 11:11:44 +0000  /Applications/Xcode.app/Contents/Developer/Toolchains/XcodeDefault.xctoolchain/usr/bin/lipo exited with 0
2019-10-28 11:11:44 +0000  Successfully thinned item "libswiftCoreFoundation.dylib", arch "arm64e"
2019-10-28 11:11:44 +0000  Running /Applications/Xcode.app/Contents/Developer/Toolchains/XcodeDefault.xctoolchain/usr/bin/lipo '/var/folders/49/x980jxds1475p7jyl_qsg7wm0000gn/T/XcodeDistPipeline.~~~NIC8Hy/Root/Payload/mobile 911.app/Frameworks/libswiftCoreGraphics.dylib' '-verify_arch' 'arm64e'
2019-10-28 11:11:44 +0000  /Applications/Xcode.app/Contents/Developer/Toolchains/XcodeDefault.xctoolchain/usr/bin/lipo exited with 0
2019-10-28 11:11:44 +0000  Running /Applications/Xcode.app/Contents/Developer/Toolchains/XcodeDefault.xctoolchain/usr/bin/lipo '/var/folders/49/x980jxds1475p7jyl_qsg7wm0000gn/T/XcodeDistPipeline.~~~NIC8Hy/Root/Payload/mobile 911.app/Frameworks/libswiftCoreGraphics.dylib' '-remove' 'arm64e' '-output' '/var/folders/49/x980jxds1475p7jyl_qsg7wm0000gn/T/XcodeDistPipeline.~~~NIC8Hy/Root/Payload/mobile 911.app/Frameworks/libswiftCoreGraphics.dylib'
2019-10-28 11:11:44 +0000  /Applications/Xcode.app/Contents/Developer/Toolchains/XcodeDefault.xctoolchain/usr/bin/lipo exited with 0
2019-10-28 11:11:44 +0000  Successfully thinned item "libswiftCoreGraphics.dylib", arch "arm64e"
2019-10-28 11:11:44 +0000  Running /Applications/Xcode.app/Contents/Developer/Toolchains/XcodeDefault.xctoolchain/usr/bin/lipo '/var/folders/49/x980jxds1475p7jyl_qsg7wm0000gn/T/XcodeDistPipeline.~~~NIC8Hy/Root/Payload/mobile 911.app/Frameworks/libswiftCoreImage.dylib' '-verify_arch' 'arm64e'
2019-10-28 11:11:44 +0000  /Applications/Xcode.app/Contents/Developer/Toolchains/XcodeDefault.xctoolchain/usr/bin/lipo exited with 0
2019-10-28 11:11:44 +0000  Running /Applications/Xcode.app/Contents/Developer/Toolchains/XcodeDefault.xctoolchain/usr/bin/lipo '/var/folders/49/x980jxds1475p7jyl_qsg7wm0000gn/T/XcodeDistPipeline.~~~NIC8Hy/Root/Payload/mobile 911.app/Frameworks/libswiftCoreImage.dylib' '-remove' 'arm64e' '-output' '/var/folders/49/x980jxds1475p7jyl_qsg7wm0000gn/T/XcodeDistPipeline.~~~NIC8Hy/Root/Payload/mobile 911.app/Frameworks/libswiftCoreImage.dylib'
2019-10-28 11:11:44 +0000  /Applications/Xcode.app/Contents/Developer/Toolchains/XcodeDefault.xctoolchain/usr/bin/lipo exited with 0
2019-10-28 11:11:44 +0000  Successfully thinned item "libswiftCoreImage.dylib", arch "arm64e"
2019-10-28 11:11:44 +0000  Running /Applications/Xcode.app/Contents/Developer/Toolchains/XcodeDefault.xctoolchain/usr/bin/lipo '/var/folders/49/x980jxds1475p7jyl_qsg7wm0000gn/T/XcodeDistPipeline.~~~NIC8Hy/Root/Payload/mobile 911.app/Frameworks/libswiftCoreLocation.dylib' '-verify_arch' 'arm64e'
2019-10-28 11:11:44 +0000  /Applications/Xcode.app/Contents/Developer/Toolchains/XcodeDefault.xctoolchain/usr/bin/lipo exited with 0
2019-10-28 11:11:44 +0000  Running /Applications/Xcode.app/Contents/Developer/Toolchains/XcodeDefault.xctoolchain/usr/bin/lipo '/var/folders/49/x980jxds1475p7jyl_qsg7wm0000gn/T/XcodeDistPipeline.~~~NIC8Hy/Root/Payload/mobile 911.app/Frameworks/libswiftCoreLocation.dylib' '-remove' 'arm64e' '-output' '/var/folders/49/x980jxds1475p7jyl_qsg7wm0000gn/T/XcodeDistPipeline.~~~NIC8Hy/Root/Payload/mobile 911.app/Frameworks/libswiftCoreLocation.dylib'
2019-10-28 11:11:44 +0000  /Applications/Xcode.app/Contents/Developer/Toolchains/XcodeDefault.xctoolchain/usr/bin/lipo exited with 0
2019-10-28 11:11:44 +0000  Successfully thinned item "libswiftCoreLocation.dylib", arch "arm64e"
2019-10-28 11:11:44 +0000  Running /Applications/Xcode.app/Contents/Developer/Toolchains/XcodeDefault.xctoolchain/usr/bin/lipo '/var/folders/49/x980jxds1475p7jyl_qsg7wm0000gn/T/XcodeDistPipeline.~~~NIC8Hy/Root/Payload/mobile 911.app/Frameworks/libswiftDarwin.dylib' '-verify_arch' 'arm64e'
2019-10-28 11:11:44 +0000  /Applications/Xcode.app/Contents/Developer/Toolchains/XcodeDefault.xctoolchain/usr/bin/lipo exited with 0
2019-10-28 11:11:44 +0000  Running /Applications/Xcode.app/Contents/Developer/Toolchains/XcodeDefault.xctoolchain/usr/bin/lipo '/var/folders/49/x980jxds1475p7jyl_qsg7wm0000gn/T/XcodeDistPipeline.~~~NIC8Hy/Root/Payload/mobile 911.app/Frameworks/libswiftDarwin.dylib' '-remove' 'arm64e' '-output' '/var/folders/49/x980jxds1475p7jyl_qsg7wm0000gn/T/XcodeDistPipeline.~~~NIC8Hy/Root/Payload/mobile 911.app/Frameworks/libswiftDarwin.dylib'
2019-10-28 11:11:44 +0000  /Applications/Xcode.app/Contents/Developer/Toolchains/XcodeDefault.xctoolchain/usr/bin/lipo exited with 0
2019-10-28 11:11:44 +0000  Successfully thinned item "libswiftDarwin.dylib", arch "arm64e"
2019-10-28 11:11:44 +0000  Running /Applications/Xcode.app/Contents/Developer/Toolchains/XcodeDefault.xctoolchain/usr/bin/lipo '/var/folders/49/x980jxds1475p7jyl_qsg7wm0000gn/T/XcodeDistPipeline.~~~NIC8Hy/Root/Payload/mobile 911.app/Frameworks/libswiftDispatch.dylib' '-verify_arch' 'arm64e'
2019-10-28 11:11:44 +0000  /Applications/Xcode.app/Contents/Developer/Toolchains/XcodeDefault.xctoolchain/usr/bin/lipo exited with 0
2019-10-28 11:11:44 +0000  Running /Applications/Xcode.app/Contents/Developer/Toolchains/XcodeDefault.xctoolchain/usr/bin/lipo '/var/folders/49/x980jxds1475p7jyl_qsg7wm0000gn/T/XcodeDistPipeline.~~~NIC8Hy/Root/Payload/mobile 911.app/Frameworks/libswiftDispatch.dylib' '-remove' 'arm64e' '-output' '/var/folders/49/x980jxds1475p7jyl_qsg7wm0000gn/T/XcodeDistPipeline.~~~NIC8Hy/Root/Payload/mobile 911.app/Frameworks/libswiftDispatch.dylib'
2019-10-28 11:11:44 +0000  /Applications/Xcode.app/Contents/Developer/Toolchains/XcodeDefault.xctoolchain/usr/bin/lipo exited with 0
2019-10-28 11:11:44 +0000  Successfully thinned item "libswiftDispatch.dylib", arch "arm64e"
2019-10-28 11:11:44 +0000  Running /Applications/Xcode.app/Contents/Developer/Toolchains/XcodeDefault.xctoolchain/usr/bin/lipo '/var/folders/49/x980jxds1475p7jyl_qsg7wm0000gn/T/XcodeDistPipeline.~~~NIC8Hy/Root/Payload/mobile 911.app/Frameworks/libswiftFoundation.dylib' '-verify_arch' 'arm64e'
2019-10-28 11:11:44 +0000  /Applications/Xcode.app/Contents/Developer/Toolchains/XcodeDefault.xctoolchain/usr/bin/lipo exited with 0
2019-10-28 11:11:44 +0000  Running /Applications/Xcode.app/Contents/Developer/Toolchains/XcodeDefault.xctoolchain/usr/bin/lipo '/var/folders/49/x980jxds1475p7jyl_qsg7wm0000gn/T/XcodeDistPipeline.~~~NIC8Hy/Root/Payload/mobile 911.app/Frameworks/libswiftFoundation.dylib' '-remove' 'arm64e' '-output' '/var/folders/49/x980jxds1475p7jyl_qsg7wm0000gn/T/XcodeDistPipeline.~~~NIC8Hy/Root/Payload/mobile 911.app/Frameworks/libswiftFoundation.dylib'
2019-10-28 11:11:44 +0000  /Applications/Xcode.app/Contents/Developer/Toolchains/XcodeDefault.xctoolchain/usr/bin/lipo exited with 0
2019-10-28 11:11:44 +0000  Successfully thinned item "libswiftFoundation.dylib", arch "arm64e"
2019-10-28 11:11:44 +0000  Running /Applications/Xcode.app/Contents/Developer/Toolchains/XcodeDefault.xctoolchain/usr/bin/lipo '/var/folders/49/x980jxds1475p7jyl_qsg7wm0000gn/T/XcodeDistPipeline.~~~NIC8Hy/Root/Payload/mobile 911.app/Frameworks/libswiftMapKit.dylib' '-verify_arch' 'arm64e'
2019-10-28 11:11:44 +0000  /Applications/Xcode.app/Contents/Developer/Toolchains/XcodeDefault.xctoolchain/usr/bin/lipo exited with 0
2019-10-28 11:11:44 +0000  Running /Applications/Xcode.app/Contents/Developer/Toolchains/XcodeDefault.xctoolchain/usr/bin/lipo '/var/folders/49/x980jxds1475p7jyl_qsg7wm0000gn/T/XcodeDistPipeline.~~~NIC8Hy/Root/Payload/mobile 911.app/Frameworks/libswiftMapKit.dylib' '-remove' 'arm64e' '-output' '/var/folders/49/x980jxds1475p7jyl_qsg7wm0000gn/T/XcodeDistPipeline.~~~NIC8Hy/Root/Payload/mobile 911.app/Frameworks/libswiftMapKit.dylib'
2019-10-28 11:11:44 +0000  /Applications/Xcode.app/Contents/Developer/Toolchains/XcodeDefault.xctoolchain/usr/bin/lipo exited with 0
2019-10-28 11:11:44 +0000  Successfully thinned item "libswiftMapKit.dylib", arch "arm64e"
2019-10-28 11:11:44 +0000  Running /Applications/Xcode.app/Contents/Developer/Toolchains/XcodeDefault.xctoolchain/usr/bin/lipo '/var/folders/49/x980jxds1475p7jyl_qsg7wm0000gn/T/XcodeDistPipeline.~~~NIC8Hy/Root/Payload/mobile 911.app/Frameworks/libswiftMetal.dylib' '-verify_arch' 'arm64e'
2019-10-28 11:11:44 +0000  /Applications/Xcode.app/Contents/Developer/Toolchains/XcodeDefault.xctoolchain/usr/bin/lipo exited with 0
2019-10-28 11:11:44 +0000  Running /Applications/Xcode.app/Contents/Developer/Toolchains/XcodeDefault.xctoolchain/usr/bin/lipo '/var/folders/49/x980jxds1475p7jyl_qsg7wm0000gn/T/XcodeDistPipeline.~~~NIC8Hy/Root/Payload/mobile 911.app/Frameworks/libswiftMetal.dylib' '-remove' 'arm64e' '-output' '/var/folders/49/x980jxds1475p7jyl_qsg7wm0000gn/T/XcodeDistPipeline.~~~NIC8Hy/Root/Payload/mobile 911.app/Frameworks/libswiftMetal.dylib'
2019-10-28 11:11:44 +0000  /Applications/Xcode.app/Contents/Developer/Toolchains/XcodeDefault.xctoolchain/usr/bin/lipo exited with 0
2019-10-28 11:11:44 +0000  Successfully thinned item "libswiftMetal.dylib", arch "arm64e"
2019-10-28 11:11:44 +0000  Running /Applications/Xcode.app/Contents/Developer/Toolchains/XcodeDefault.xctoolchain/usr/bin/lipo '/var/folders/49/x980jxds1475p7jyl_qsg7wm0000gn/T/XcodeDistPipeline.~~~NIC8Hy/Root/Payload/mobile 911.app/Frameworks/libswiftObjectiveC.dylib' '-verify_arch' 'arm64e'
2019-10-28 11:11:44 +0000  /Applications/Xcode.app/Contents/Developer/Toolchains/XcodeDefault.xctoolchain/usr/bin/lipo exited with 0
2019-10-28 11:11:44 +0000  Running /Applications/Xcode.app/Contents/Developer/Toolchains/XcodeDefault.xctoolchain/usr/bin/lipo '/var/folders/49/x980jxds1475p7jyl_qsg7wm0000gn/T/XcodeDistPipeline.~~~NIC8Hy/Root/Payload/mobile 911.app/Frameworks/libswiftObjectiveC.dylib' '-remove' 'arm64e' '-output' '/var/folders/49/x980jxds1475p7jyl_qsg7wm0000gn/T/XcodeDistPipeline.~~~NIC8Hy/Root/Payload/mobile 911.app/Frameworks/libswiftObjectiveC.dylib'
2019-10-28 11:11:44 +0000  /Applications/Xcode.app/Contents/Developer/Toolchains/XcodeDefault.xctoolchain/usr/bin/lipo exited with 0
2019-10-28 11:11:44 +0000  Successfully thinned item "libswiftObjectiveC.dylib", arch "arm64e"
2019-10-28 11:11:44 +0000  Running /Applications/Xcode.app/Contents/Developer/Toolchains/XcodeDefault.xctoolchain/usr/bin/lipo '/var/folders/49/x980jxds1475p7jyl_qsg7wm0000gn/T/XcodeDistPipeline.~~~NIC8Hy/Root/Payload/mobile 911.app/Frameworks/libswiftQuartzCore.dylib' '-verify_arch' 'arm64e'
2019-10-28 11:11:44 +0000  /Applications/Xcode.app/Contents/Developer/Toolchains/XcodeDefault.xctoolchain/usr/bin/lipo exited with 0
2019-10-28 11:11:44 +0000  Running /Applications/Xcode.app/Contents/Developer/Toolchains/XcodeDefault.xctoolchain/usr/bin/lipo '/var/folders/49/x980jxds1475p7jyl_qsg7wm0000gn/T/XcodeDistPipeline.~~~NIC8Hy/Root/Payload/mobile 911.app/Frameworks/libswiftQuartzCore.dylib' '-remove' 'arm64e' '-output' '/var/folders/49/x980jxds1475p7jyl_qsg7wm0000gn/T/XcodeDistPipeline.~~~NIC8Hy/Root/Payload/mobile 911.app/Frameworks/libswiftQuartzCore.dylib'
2019-10-28 11:11:44 +0000  /Applications/Xcode.app/Contents/Developer/Toolchains/XcodeDefault.xctoolchain/usr/bin/lipo exited with 0
2019-10-28 11:11:44 +0000  Successfully thinned item "libswiftQuartzCore.dylib", arch "arm64e"
2019-10-28 11:11:44 +0000  Running /Applications/Xcode.app/Contents/Developer/Toolchains/XcodeDefault.xctoolchain/usr/bin/lipo '/var/folders/49/x980jxds1475p7jyl_qsg7wm0000gn/T/XcodeDistPipeline.~~~NIC8Hy/Root/Payload/mobile 911.app/Frameworks/libswiftUIKit.dylib' '-verify_arch' 'arm64e'
2019-10-28 11:11:44 +0000  /Applications/Xcode.app/Contents/Developer/Toolchains/XcodeDefault.xctoolchain/usr/bin/lipo exited with 0
2019-10-28 11:11:44 +0000  Running /Applications/Xcode.app/Contents/Developer/Toolchains/XcodeDefault.xctoolchain/usr/bin/lipo '/var/folders/49/x980jxds1475p7jyl_qsg7wm0000gn/T/XcodeDistPipeline.~~~NIC8Hy/Root/Payload/mobile 911.app/Frameworks/libswiftUIKit.dylib' '-remove' 'arm64e' '-output' '/var/folders/49/x980jxds1475p7jyl_qsg7wm0000gn/T/XcodeDistPipeline.~~~NIC8Hy/Root/Payload/mobile 911.app/Frameworks/libswiftUIKit.dylib'
2019-10-28 11:11:44 +0000  /Applications/Xcode.app/Contents/Developer/Toolchains/XcodeDefault.xctoolchain/usr/bin/lipo exited with 0
2019-10-28 11:11:44 +0000  Successfully thinned item "libswiftUIKit.dylib", arch "arm64e"
2019-10-28 11:11:44 +0000  Running /Applications/Xcode.app/Contents/Developer/Toolchains/XcodeDefault.xctoolchain/usr/bin/lipo '/var/folders/49/x980jxds1475p7jyl_qsg7wm0000gn/T/XcodeDistPipeline.~~~NIC8Hy/Root/Payload/mobile 911.app/Frameworks/libswiftos.dylib' '-verify_arch' 'arm64e'
2019-10-28 11:11:44 +0000  /Applications/Xcode.app/Contents/Developer/Toolchains/XcodeDefault.xctoolchain/usr/bin/lipo exited with 0
2019-10-28 11:11:44 +0000  Running /Applications/Xcode.app/Contents/Developer/Toolchains/XcodeDefault.xctoolchain/usr/bin/lipo '/var/folders/49/x980jxds1475p7jyl_qsg7wm0000gn/T/XcodeDistPipeline.~~~NIC8Hy/Root/Payload/mobile 911.app/Frameworks/libswiftos.dylib' '-remove' 'arm64e' '-output' '/var/folders/49/x980jxds1475p7jyl_qsg7wm0000gn/T/XcodeDistPipeline.~~~NIC8Hy/Root/Payload/mobile 911.app/Frameworks/libswiftos.dylib'
2019-10-28 11:11:44 +0000  /Applications/Xcode.app/Contents/Developer/Toolchains/XcodeDefault.xctoolchain/usr/bin/lipo exited with 0
2019-10-28 11:11:44 +0000  Successfully thinned item "libswiftos.dylib", arch "arm64e"
2019-10-28 11:11:44 +0000  Running /Applications/Xcode.app/Contents/Developer/Toolchains/XcodeDefault.xctoolchain/usr/bin/lipo '/var/folders/49/x980jxds1475p7jyl_qsg7wm0000gn/T/XcodeDistPipeline.~~~NIC8Hy/Root/Payload/mobile 911.app/mobile 911' '-verify_arch' 'arm64e'
2019-10-28 11:11:44 +0000  /Applications/Xcode.app/Contents/Developer/Toolchains/XcodeDefault.xctoolchain/usr/bin/lipo exited with 1
2019-10-28 11:11:44 +0000  Skipping architecture thinning for item "mobile 911" because arch "arm64e" wasn't found
2019-10-28 11:11:44 +0000  Processing step: IDEDistributionODRStep
2019-10-28 11:11:44 +0000  Processing step: IDEDistributionStripXattrsStep
2019-10-28 11:11:44 +0000  Skipping stripping extended attributes of item: <IDEDistributionItem: 0x7fc13bc1fb50 'org.cocoapods.Eureka' '<DVTFilePath:0x7fc13cb47e30:'/Users/ezequiel/Library/Developer/Xcode/Archives/2019-07-11/mobile 911 11-07-2019, 12.50.xcarchive/Products/Applications/mobile 911.app/Frameworks/Eureka.framework'>'>
2019-10-28 11:11:44 +0000  Skipping stripping extended attributes of item: <IDEDistributionItem: 0x7fc13ccc2df0 'org.cocoapods.SnapKit' '<DVTFilePath:0x7fc13ca4ef30:'/Users/ezequiel/Library/Developer/Xcode/Archives/2019-07-11/mobile 911 11-07-2019, 12.50.xcarchive/Products/Applications/mobile 911.app/Frameworks/SnapKit.framework'>'>
2019-10-28 11:11:44 +0000  Skipping stripping extended attributes of item: <IDEDistributionItem: 0x7fc13cc15e70 'org.cocoapods.Toast-Swift' '<DVTFilePath:0x7fc13cc694b0:'/Users/ezequiel/Library/Developer/Xcode/Archives/2019-07-11/mobile 911 11-07-2019, 12.50.xcarchive/Products/Applications/mobile 911.app/Frameworks/Toast_Swift.framework'>'>
2019-10-28 11:11:44 +0000  Skipping stripping extended attributes of item: <IDEDistributionItem: 0x7fc13caafb70 'com.apple.dt.runtime.swiftCore' '<DVTFilePath:0x7fc13caa7fe0:'/Users/ezequiel/Library/Developer/Xcode/Archives/2019-07-11/mobile 911 11-07-2019, 12.50.xcarchive/Products/Applications/mobile 911.app/Frameworks/libswiftCore.dylib'>'>
2019-10-28 11:11:44 +0000  Skipping stripping extended attributes of item: <IDEDistributionItem: 0x7fc13ccbf8d0 'com.apple.dt.runtime.swiftCoreFoundation' '<DVTFilePath:0x7fc13bc63400:'/Users/ezequiel/Library/Developer/Xcode/Archives/2019-07-11/mobile 911 11-07-2019, 12.50.xcarchive/Products/Applications/mobile 911.app/Frameworks/libswiftCoreFoundation.dylib'>'>
2019-10-28 11:11:44 +0000  Skipping stripping extended attributes of item: <IDEDistributionItem: 0x7fc13cce0d10 'com.apple.dt.runtime.swiftCoreGraphics' '<DVTFilePath:0x7fc1320cc3f0:'/Users/ezequiel/Library/Developer/Xcode/Archives/2019-07-11/mobile 911 11-07-2019, 12.50.xcarchive/Products/Applications/mobile 911.app/Frameworks/libswiftCoreGraphics.dylib'>'>
2019-10-28 11:11:44 +0000  Skipping stripping extended attributes of item: <IDEDistributionItem: 0x7fc1351dada0 'com.apple.dt.runtime.swiftCoreImage' '<DVTFilePath:0x7fc13ca60990:'/Users/ezequiel/Library/Developer/Xcode/Archives/2019-07-11/mobile 911 11-07-2019, 12.50.xcarchive/Products/Applications/mobile 911.app/Frameworks/libswiftCoreImage.dylib'>'>
2019-10-28 11:11:44 +0000  Skipping stripping extended attributes of item: <IDEDistributionItem: 0x7fc1320aca20 'com.apple.dt.runtime.swiftCoreLocation' '<DVTFilePath:0x7fc13cc68720:'/Users/ezequiel/Library/Developer/Xcode/Archives/2019-07-11/mobile 911 11-07-2019, 12.50.xcarchive/Products/Applications/mobile 911.app/Frameworks/libswiftCoreLocation.dylib'>'>
2019-10-28 11:11:44 +0000  Skipping stripping extended attributes of item: <IDEDistributionItem: 0x7fc13c00e2c0 'com.apple.dt.runtime.swiftDarwin' '<DVTFilePath:0x7fc13ccb50b0:'/Users/ezequiel/Library/Developer/Xcode/Archives/2019-07-11/mobile 911 11-07-2019, 12.50.xcarchive/Products/Applications/mobile 911.app/Frameworks/libswiftDarwin.dylib'>'>
2019-10-28 11:11:44 +0000  Skipping stripping extended attributes of item: <IDEDistributionItem: 0x7fc13ca8baf0 'com.apple.dt.runtime.swiftDispatch' '<DVTFilePath:0x7fc13900aab0:'/Users/ezequiel/Library/Developer/Xcode/Archives/2019-07-11/mobile 911 11-07-2019, 12.50.xcarchive/Products/Applications/mobile 911.app/Frameworks/libswiftDispatch.dylib'>'>
2019-10-28 11:11:44 +0000  Skipping stripping extended attributes of item: <IDEDistributionItem: 0x7fc13cc98610 'com.apple.dt.runtime.swiftFoundation' '<DVTFilePath:0x7fc13c5c97e0:'/Users/ezequiel/Library/Developer/Xcode/Archives/2019-07-11/mobile 911 11-07-2019, 12.50.xcarchive/Products/Applications/mobile 911.app/Frameworks/libswiftFoundation.dylib'>'>
2019-10-28 11:11:44 +0000  Skipping stripping extended attributes of item: <IDEDistributionItem: 0x7fc13bf51690 'com.apple.dt.runtime.swiftMapKit' '<DVTFilePath:0x7fc1343be6d0:'/Users/ezequiel/Library/Developer/Xcode/Archives/2019-07-11/mobile 911 11-07-2019, 12.50.xcarchive/Products/Applications/mobile 911.app/Frameworks/libswiftMapKit.dylib'>'>
2019-10-28 11:11:44 +0000  Skipping stripping extended attributes of item: <IDEDistributionItem: 0x7fc13cca4640 'com.apple.dt.runtime.swiftMetal' '<DVTFilePath:0x7fc13bc38580:'/Users/ezequiel/Library/Developer/Xcode/Archives/2019-07-11/mobile 911 11-07-2019, 12.50.xcarchive/Products/Applications/mobile 911.app/Frameworks/libswiftMetal.dylib'>'>
2019-10-28 11:11:44 +0000  Skipping stripping extended attributes of item: <IDEDistributionItem: 0x7fc12e7e5740 'com.apple.dt.runtime.swiftObjectiveC' '<DVTFilePath:0x7fc13c4e9e30:'/Users/ezequiel/Library/Developer/Xcode/Archives/2019-07-11/mobile 911 11-07-2019, 12.50.xcarchive/Products/Applications/mobile 911.app/Frameworks/libswiftObjectiveC.dylib'>'>
2019-10-28 11:11:44 +0000  Skipping stripping extended attributes of item: <IDEDistributionItem: 0x7fc13ccf42f0 'com.apple.dt.runtime.swiftQuartzCore' '<DVTFilePath:0x7fc13bea9430:'/Users/ezequiel/Library/Developer/Xcode/Archives/2019-07-11/mobile 911 11-07-2019, 12.50.xcarchive/Products/Applications/mobile 911.app/Frameworks/libswiftQuartzCore.dylib'>'>
2019-10-28 11:11:44 +0000  Skipping stripping extended attributes of item: <IDEDistributionItem: 0x7fc13ca40720 'com.apple.dt.runtime.swiftUIKit' '<DVTFilePath:0x7fc1351ed460:'/Users/ezequiel/Library/Developer/Xcode/Archives/2019-07-11/mobile 911 11-07-2019, 12.50.xcarchive/Products/Applications/mobile 911.app/Frameworks/libswiftUIKit.dylib'>'>
2019-10-28 11:11:44 +0000  Skipping stripping extended attributes of item: <IDEDistributionItem: 0x7fc13bf1dd20 'com.apple.dt.runtime.swiftos' '<DVTFilePath:0x7fc13bc42830:'/Users/ezequiel/Library/Developer/Xcode/Archives/2019-07-11/mobile 911 11-07-2019, 12.50.xcarchive/Products/Applications/mobile 911.app/Frameworks/libswiftos.dylib'>'>
2019-10-28 11:11:44 +0000  Running /usr/bin/xattr '-crs' '/var/folders/49/x980jxds1475p7jyl_qsg7wm0000gn/T/XcodeDistPipeline.~~~NIC8Hy/Root/Payload/mobile 911.app'
2019-10-28 11:11:45 +0000  /usr/bin/xattr exited with 0
2019-10-28 11:11:45 +0000  Processing step: IDEDistributionCodesignStep
2019-10-28 11:11:45 +0000  Entitlements for <IDEDistributionItem: 0x7fc13bc1fb50 'org.cocoapods.Eureka' '<DVTFilePath:0x7fc13cb47e30:'/Users/ezequiel/Library/Developer/Xcode/Archives/2019-07-11/mobile 911 11-07-2019, 12.50.xcarchive/Products/Applications/mobile 911.app/Frameworks/Eureka.framework'>'>: {
}
2019-10-28 11:11:45 +0000  Writing entitlements for <IDEDistributionItem: 0x7fc13bc1fb50 'org.cocoapods.Eureka' '<DVTFilePath:0x7fc13cb47e30:'/Users/ezequiel/Library/Developer/Xcode/Archives/2019-07-11/mobile 911 11-07-2019, 12.50.xcarchive/Products/Applications/mobile 911.app/Frameworks/Eureka.framework'>'> to: /var/folders/49/x980jxds1475p7jyl_qsg7wm0000gn/T/XcodeDistPipeline.~~~NIC8Hy/entitlements~~~eE4PXH
2019-10-28 11:11:45 +0000  Running /usr/bin/codesign '-vvv' '--force' '--sign' '86C3AEC0846A2428B5D43803926B11982A1E0E5F' '--entitlements' '/var/folders/49/x980jxds1475p7jyl_qsg7wm0000gn/T/XcodeDistPipeline.~~~NIC8Hy/entitlements~~~eE4PXH' '--preserve-metadata=identifier,flags,runtime' '/var/folders/49/x980jxds1475p7jyl_qsg7wm0000gn/T/XcodeDistPipeline.~~~NIC8Hy/Root/Payload/mobile 911.app/Frameworks/Eureka.framework'
2019-10-28 11:11:50 +0000  /var/folders/49/x980jxds1475p7jyl_qsg7wm0000gn/T/XcodeDistPipeline.~~~NIC8Hy/Root/Payload/mobile 911.app/Frameworks/Eureka.framework: signed bundle with Mach-O universal (arm64) [org.cocoapods.Eureka]
2019-10-28 11:11:50 +0000  /usr/bin/codesign exited with 0
2019-10-28 11:11:50 +0000  Entitlements for <IDEDistributionItem: 0x7fc13ccc2df0 'org.cocoapods.SnapKit' '<DVTFilePath:0x7fc13ca4ef30:'/Users/ezequiel/Library/Developer/Xcode/Archives/2019-07-11/mobile 911 11-07-2019, 12.50.xcarchive/Products/Applications/mobile 911.app/Frameworks/SnapKit.framework'>'>: {
}
2019-10-28 11:11:50 +0000  Writing entitlements for <IDEDistributionItem: 0x7fc13ccc2df0 'org.cocoapods.SnapKit' '<DVTFilePath:0x7fc13ca4ef30:'/Users/ezequiel/Library/Developer/Xcode/Archives/2019-07-11/mobile 911 11-07-2019, 12.50.xcarchive/Products/Applications/mobile 911.app/Frameworks/SnapKit.framework'>'> to: /var/folders/49/x980jxds1475p7jyl_qsg7wm0000gn/T/XcodeDistPipeline.~~~NIC8Hy/entitlements~~~T5AN94
2019-10-28 11:11:50 +0000  Running /usr/bin/codesign '-vvv' '--force' '--sign' '86C3AEC0846A2428B5D43803926B11982A1E0E5F' '--entitlements' '/var/folders/49/x980jxds1475p7jyl_qsg7wm0000gn/T/XcodeDistPipeline.~~~NIC8Hy/entitlements~~~T5AN94' '--preserve-metadata=identifier,flags,runtime' '/var/folders/49/x980jxds1475p7jyl_qsg7wm0000gn/T/XcodeDistPipeline.~~~NIC8Hy/Root/Payload/mobile 911.app/Frameworks/SnapKit.framework'
2019-10-28 11:11:54 +0000  /var/folders/49/x980jxds1475p7jyl_qsg7wm0000gn/T/XcodeDistPipeline.~~~NIC8Hy/Root/Payload/mobile 911.app/Frameworks/SnapKit.framework: signed bundle with Mach-O universal (arm64) [org.cocoapods.SnapKit]
2019-10-28 11:11:54 +0000  /usr/bin/codesign exited with 0
2019-10-28 11:11:54 +0000  Entitlements for <IDEDistributionItem: 0x7fc13cc15e70 'org.cocoapods.Toast-Swift' '<DVTFilePath:0x7fc13cc694b0:'/Users/ezequiel/Library/Developer/Xcode/Archives/2019-07-11/mobile 911 11-07-2019, 12.50.xcarchive/Products/Applications/mobile 911.app/Frameworks/Toast_Swift.framework'>'>: {
}
2019-10-28 11:11:54 +0000  Writing entitlements for <IDEDistributionItem: 0x7fc13cc15e70 'org.cocoapods.Toast-Swift' '<DVTFilePath:0x7fc13cc694b0:'/Users/ezequiel/Library/Developer/Xcode/Archives/2019-07-11/mobile 911 11-07-2019, 12.50.xcarchive/Products/Applications/mobile 911.app/Frameworks/Toast_Swift.framework'>'> to: /var/folders/49/x980jxds1475p7jyl_qsg7wm0000gn/T/XcodeDistPipeline.~~~NIC8Hy/entitlements~~~j1TsIx
2019-10-28 11:11:54 +0000  Running /usr/bin/codesign '-vvv' '--force' '--sign' '86C3AEC0846A2428B5D43803926B11982A1E0E5F' '--entitlements' '/var/folders/49/x980jxds1475p7jyl_qsg7wm0000gn/T/XcodeDistPipeline.~~~NIC8Hy/entitlements~~~j1TsIx' '--preserve-metadata=identifier,flags,runtime' '/var/folders/49/x980jxds1475p7jyl_qsg7wm0000gn/T/XcodeDistPipeline.~~~NIC8Hy/Root/Payload/mobile 911.app/Frameworks/Toast_Swift.framework'
2019-10-28 11:11:59 +0000  /var/folders/49/x980jxds1475p7jyl_qsg7wm0000gn/T/XcodeDistPipeline.~~~NIC8Hy/Root/Payload/mobile 911.app/Frameworks/Toast_Swift.framework: signed bundle with Mach-O universal (arm64) [org.cocoapods.Toast-Swift]
2019-10-28 11:11:59 +0000  
2019-10-28 11:11:59 +0000  /usr/bin/codesign exited with 0
2019-10-28 11:11:59 +0000  Entitlements for <IDEDistributionItem: 0x7fc13caafb70 'com.apple.dt.runtime.swiftCore' '<DVTFilePath:0x7fc13caa7fe0:'/Users/ezequiel/Library/Developer/Xcode/Archives/2019-07-11/mobile 911 11-07-2019, 12.50.xcarchive/Products/Applications/mobile 911.app/Frameworks/libswiftCore.dylib'>'>: {
}
2019-10-28 11:11:59 +0000  Writing entitlements for <IDEDistributionItem: 0x7fc13caafb70 'com.apple.dt.runtime.swiftCore' '<DVTFilePath:0x7fc13caa7fe0:'/Users/ezequiel/Library/Developer/Xcode/Archives/2019-07-11/mobile 911 11-07-2019, 12.50.xcarchive/Products/Applications/mobile 911.app/Frameworks/libswiftCore.dylib'>'> to: /var/folders/49/x980jxds1475p7jyl_qsg7wm0000gn/T/XcodeDistPipeline.~~~NIC8Hy/entitlements~~~wd2SBB
2019-10-28 11:11:59 +0000  Running /usr/bin/codesign '-vvv' '--force' '--sign' '86C3AEC0846A2428B5D43803926B11982A1E0E5F' '--entitlements' '/var/folders/49/x980jxds1475p7jyl_qsg7wm0000gn/T/XcodeDistPipeline.~~~NIC8Hy/entitlements~~~wd2SBB' '--preserve-metadata=identifier,flags,runtime' '/var/folders/49/x980jxds1475p7jyl_qsg7wm0000gn/T/XcodeDistPipeline.~~~NIC8Hy/Root/Payload/mobile 911.app/Frameworks/libswiftCore.dylib'
2019-10-28 11:11:59 +0000  /var/folders/49/x980jxds1475p7jyl_qsg7wm0000gn/T/XcodeDistPipeline.~~~NIC8Hy/Root/Payload/mobile 911.app/Frameworks/libswiftCore.dylib: signed Mach-O universal (armv7 armv7s arm64) [com.apple.dt.runtime.swiftCore]
2019-10-28 11:11:59 +0000  /usr/bin/codesign exited with 0
2019-10-28 11:11:59 +0000  Entitlements for <IDEDistributionItem: 0x7fc13ccbf8d0 'com.apple.dt.runtime.swiftCoreFoundation' '<DVTFilePath:0x7fc13bc63400:'/Users/ezequiel/Library/Developer/Xcode/Archives/2019-07-11/mobile 911 11-07-2019, 12.50.xcarchive/Products/Applications/mobile 911.app/Frameworks/libswiftCoreFoundation.dylib'>'>: {
}
2019-10-28 11:11:59 +0000  Writing entitlements for <IDEDistributionItem: 0x7fc13ccbf8d0 'com.apple.dt.runtime.swiftCoreFoundation' '<DVTFilePath:0x7fc13bc63400:'/Users/ezequiel/Library/Developer/Xcode/Archives/2019-07-11/mobile 911 11-07-2019, 12.50.xcarchive/Products/Applications/mobile 911.app/Frameworks/libswiftCoreFoundation.dylib'>'> to: /var/folders/49/x980jxds1475p7jyl_qsg7wm0000gn/T/XcodeDistPipeline.~~~NIC8Hy/entitlements~~~DUHdGg
2019-10-28 11:11:59 +0000  Running /usr/bin/codesign '-vvv' '--force' '--sign' '86C3AEC0846A2428B5D43803926B11982A1E0E5F' '--entitlements' '/var/folders/49/x980jxds1475p7jyl_qsg7wm0000gn/T/XcodeDistPipeline.~~~NIC8Hy/entitlements~~~DUHdGg' '--preserve-metadata=identifier,flags,runtime' '/var/folders/49/x980jxds1475p7jyl_qsg7wm0000gn/T/XcodeDistPipeline.~~~NIC8Hy/Root/Payload/mobile 911.app/Frameworks/libswiftCoreFoundation.dylib'
2019-10-28 11:11:59 +0000  /var/folders/49/x980jxds1475p7jyl_qsg7wm0000gn/T/XcodeDistPipeline.~~~NIC8Hy/Root/Payload/mobile 911.app/Frameworks/libswiftCoreFoundation.dylib: signed Mach-O universal (armv7 armv7s arm64) [com.apple.dt.runtime.swiftCoreFoundation]
2019-10-28 11:11:59 +0000  /usr/bin/codesign exited with 0
2019-10-28 11:11:59 +0000  Entitlements for <IDEDistributionItem: 0x7fc13cce0d10 'com.apple.dt.runtime.swiftCoreGraphics' '<DVTFilePath:0x7fc1320cc3f0:'/Users/ezequiel/Library/Developer/Xcode/Archives/2019-07-11/mobile 911 11-07-2019, 12.50.xcarchive/Products/Applications/mobile 911.app/Frameworks/libswiftCoreGraphics.dylib'>'>: {
}
2019-10-28 11:11:59 +0000  Writing entitlements for <IDEDistributionItem: 0x7fc13cce0d10 'com.apple.dt.runtime.swiftCoreGraphics' '<DVTFilePath:0x7fc1320cc3f0:'/Users/ezequiel/Library/Developer/Xcode/Archives/2019-07-11/mobile 911 11-07-2019, 12.50.xcarchive/Products/Applications/mobile 911.app/Frameworks/libswiftCoreGraphics.dylib'>'> to: /var/folders/49/x980jxds1475p7jyl_qsg7wm0000gn/T/XcodeDistPipeline.~~~NIC8Hy/entitlements~~~4lD1Kl
2019-10-28 11:11:59 +0000  Running /usr/bin/codesign '-vvv' '--force' '--sign' '86C3AEC0846A2428B5D43803926B11982A1E0E5F' '--entitlements' '/var/folders/49/x980jxds1475p7jyl_qsg7wm0000gn/T/XcodeDistPipeline.~~~NIC8Hy/entitlements~~~4lD1Kl' '--preserve-metadata=identifier,flags,runtime' '/var/folders/49/x980jxds1475p7jyl_qsg7wm0000gn/T/XcodeDistPipeline.~~~NIC8Hy/Root/Payload/mobile 911.app/Frameworks/libswiftCoreGraphics.dylib'
2019-10-28 11:11:59 +0000  /var/folders/49/x980jxds1475p7jyl_qsg7wm0000gn/T/XcodeDistPipeline.~~~NIC8Hy/Root/Payload/mobile 911.app/Frameworks/libswiftCoreGraphics.dylib: signed Mach-O universal (armv7 armv7s arm64) [com.apple.dt.runtime.swiftCoreGraphics]
2019-10-28 11:11:59 +0000  /usr/bin/codesign exited with 0
2019-10-28 11:11:59 +0000  Entitlements for <IDEDistributionItem: 0x7fc1351dada0 'com.apple.dt.runtime.swiftCoreImage' '<DVTFilePath:0x7fc13ca60990:'/Users/ezequiel/Library/Developer/Xcode/Archives/2019-07-11/mobile 911 11-07-2019, 12.50.xcarchive/Products/Applications/mobile 911.app/Frameworks/libswiftCoreImage.dylib'>'>: {
}
2019-10-28 11:11:59 +0000  Writing entitlements for <IDEDistributionItem: 0x7fc1351dada0 'com.apple.dt.runtime.swiftCoreImage' '<DVTFilePath:0x7fc13ca60990:'/Users/ezequiel/Library/Developer/Xcode/Archives/2019-07-11/mobile 911 11-07-2019, 12.50.xcarchive/Products/Applications/mobile 911.app/Frameworks/libswiftCoreImage.dylib'>'> to: /var/folders/49/x980jxds1475p7jyl_qsg7wm0000gn/T/XcodeDistPipeline.~~~NIC8Hy/entitlements~~~EpJlw4
2019-10-28 11:11:59 +0000  Running /usr/bin/codesign '-vvv' '--force' '--sign' '86C3AEC0846A2428B5D43803926B11982A1E0E5F' '--entitlements' '/var/folders/49/x980jxds1475p7jyl_qsg7wm0000gn/T/XcodeDistPipeline.~~~NIC8Hy/entitlements~~~EpJlw4' '--preserve-metadata=identifier,flags,runtime' '/var/folders/49/x980jxds1475p7jyl_qsg7wm0000gn/T/XcodeDistPipeline.~~~NIC8Hy/Root/Payload/mobile 911.app/Frameworks/libswiftCoreImage.dylib'
2019-10-28 11:11:59 +0000  /var/folders/49/x980jxds1475p7jyl_qsg7wm0000gn/T/XcodeDistPipeline.~~~NIC8Hy/Root/Payload/mobile 911.app/Frameworks/libswiftCoreImage.dylib: signed Mach-O universal (armv7 armv7s arm64) [com.apple.dt.runtime.swiftCoreImage]
2019-10-28 11:11:59 +0000  /usr/bin/codesign exited with 0
2019-10-28 11:11:59 +0000  Entitlements for <IDEDistributionItem: 0x7fc1320aca20 'com.apple.dt.runtime.swiftCoreLocation' '<DVTFilePath:0x7fc13cc68720:'/Users/ezequiel/Library/Developer/Xcode/Archives/2019-07-11/mobile 911 11-07-2019, 12.50.xcarchive/Products/Applications/mobile 911.app/Frameworks/libswiftCoreLocation.dylib'>'>: {
}
2019-10-28 11:11:59 +0000  Writing entitlements for <IDEDistributionItem: 0x7fc1320aca20 'com.apple.dt.runtime.swiftCoreLocation' '<DVTFilePath:0x7fc13cc68720:'/Users/ezequiel/Library/Developer/Xcode/Archives/2019-07-11/mobile 911 11-07-2019, 12.50.xcarchive/Products/Applications/mobile 911.app/Frameworks/libswiftCoreLocation.dylib'>'> to: /var/folders/49/x980jxds1475p7jyl_qsg7wm0000gn/T/XcodeDistPipeline.~~~NIC8Hy/entitlements~~~IgJr2n
2019-10-28 11:11:59 +0000  Running /usr/bin/codesign '-vvv' '--force' '--sign' '86C3AEC0846A2428B5D43803926B11982A1E0E5F' '--entitlements' '/var/folders/49/x980jxds1475p7jyl_qsg7wm0000gn/T/XcodeDistPipeline.~~~NIC8Hy/entitlements~~~IgJr2n' '--preserve-metadata=identifier,flags,runtime' '/var/folders/49/x980jxds1475p7jyl_qsg7wm0000gn/T/XcodeDistPipeline.~~~NIC8Hy/Root/Payload/mobile 911.app/Frameworks/libswiftCoreLocation.dylib'
2019-10-28 11:11:59 +0000  /var/folders/49/x980jxds1475p7jyl_qsg7wm0000gn/T/XcodeDistPipeline.~~~NIC8Hy/Root/Payload/mobile 911.app/Frameworks/libswiftCoreLocation.dylib: signed Mach-O universal (armv7 armv7s arm64) [com.apple.dt.runtime.swiftCoreLocation]
2019-10-28 11:11:59 +0000  /usr/bin/codesign exited with 0
2019-10-28 11:11:59 +0000  Entitlements for <IDEDistributionItem: 0x7fc13c00e2c0 'com.apple.dt.runtime.swiftDarwin' '<DVTFilePath:0x7fc13ccb50b0:'/Users/ezequiel/Library/Developer/Xcode/Archives/2019-07-11/mobile 911 11-07-2019, 12.50.xcarchive/Products/Applications/mobile 911.app/Frameworks/libswiftDarwin.dylib'>'>: {
}
2019-10-28 11:11:59 +0000  Writing entitlements for <IDEDistributionItem: 0x7fc13c00e2c0 'com.apple.dt.runtime.swiftDarwin' '<DVTFilePath:0x7fc13ccb50b0:'/Users/ezequiel/Library/Developer/Xcode/Archives/2019-07-11/mobile 911 11-07-2019, 12.50.xcarchive/Products/Applications/mobile 911.app/Frameworks/libswiftDarwin.dylib'>'> to: /var/folders/49/x980jxds1475p7jyl_qsg7wm0000gn/T/XcodeDistPipeline.~~~NIC8Hy/entitlements~~~5gYq9v
2019-10-28 11:11:59 +0000  Running /usr/bin/codesign '-vvv' '--force' '--sign' '86C3AEC0846A2428B5D43803926B11982A1E0E5F' '--entitlements' '/var/folders/49/x980jxds1475p7jyl_qsg7wm0000gn/T/XcodeDistPipeline.~~~NIC8Hy/entitlements~~~5gYq9v' '--preserve-metadata=identifier,flags,runtime' '/var/folders/49/x980jxds1475p7jyl_qsg7wm0000gn/T/XcodeDistPipeline.~~~NIC8Hy/Root/Payload/mobile 911.app/Frameworks/libswiftDarwin.dylib'
2019-10-28 11:11:59 +0000  /var/folders/49/x980jxds1475p7jyl_qsg7wm0000gn/T/XcodeDistPipeline.~~~NIC8Hy/Root/Payload/mobile 911.app/Frameworks/libswiftDarwin.dylib: signed Mach-O universal (armv7 armv7s arm64) [com.apple.dt.runtime.swiftDarwin]
2019-10-28 11:11:59 +0000  /usr/bin/codesign exited with 0
2019-10-28 11:11:59 +0000  Entitlements for <IDEDistributionItem: 0x7fc13ca8baf0 'com.apple.dt.runtime.swiftDispatch' '<DVTFilePath:0x7fc13900aab0:'/Users/ezequiel/Library/Developer/Xcode/Archives/2019-07-11/mobile 911 11-07-2019, 12.50.xcarchive/Products/Applications/mobile 911.app/Frameworks/libswiftDispatch.dylib'>'>: {
}
2019-10-28 11:11:59 +0000  Writing entitlements for <IDEDistributionItem: 0x7fc13ca8baf0 'com.apple.dt.runtime.swiftDispatch' '<DVTFilePath:0x7fc13900aab0:'/Users/ezequiel/Library/Developer/Xcode/Archives/2019-07-11/mobile 911 11-07-2019, 12.50.xcarchive/Products/Applications/mobile 911.app/Frameworks/libswiftDispatch.dylib'>'> to: /var/folders/49/x980jxds1475p7jyl_qsg7wm0000gn/T/XcodeDistPipeline.~~~NIC8Hy/entitlements~~~PysyeH
2019-10-28 11:11:59 +0000  Running /usr/bin/codesign '-vvv' '--force' '--sign' '86C3AEC0846A2428B5D43803926B11982A1E0E5F' '--entitlements' '/var/folders/49/x980jxds1475p7jyl_qsg7wm0000gn/T/XcodeDistPipeline.~~~NIC8Hy/entitlements~~~PysyeH' '--preserve-metadata=identifier,flags,runtime' '/var/folders/49/x980jxds1475p7jyl_qsg7wm0000gn/T/XcodeDistPipeline.~~~NIC8Hy/Root/Payload/mobile 911.app/Frameworks/libswiftDispatch.dylib'
2019-10-28 11:11:59 +0000  /var/folders/49/x980jxds1475p7jyl_qsg7wm0000gn/T/XcodeDistPipeline.~~~NIC8Hy/Root/Payload/mobile 911.app/Frameworks/libswiftDispatch.dylib: signed Mach-O universal (armv7 armv7s arm64) [com.apple.dt.runtime.swiftDispatch]
2019-10-28 11:11:59 +0000  /usr/bin/codesign exited with 0
2019-10-28 11:11:59 +0000  Entitlements for <IDEDistributionItem: 0x7fc13cc98610 'com.apple.dt.runtime.swiftFoundation' '<DVTFilePath:0x7fc13c5c97e0:'/Users/ezequiel/Library/Developer/Xcode/Archives/2019-07-11/mobile 911 11-07-2019, 12.50.xcarchive/Products/Applications/mobile 911.app/Frameworks/libswiftFoundation.dylib'>'>: {
}
2019-10-28 11:11:59 +0000  Writing entitlements for <IDEDistributionItem: 0x7fc13cc98610 'com.apple.dt.runtime.swiftFoundation' '<DVTFilePath:0x7fc13c5c97e0:'/Users/ezequiel/Library/Developer/Xcode/Archives/2019-07-11/mobile 911 11-07-2019, 12.50.xcarchive/Products/Applications/mobile 911.app/Frameworks/libswiftFoundation.dylib'>'> to: /var/folders/49/x980jxds1475p7jyl_qsg7wm0000gn/T/XcodeDistPipeline.~~~NIC8Hy/entitlements~~~nnHsWn
2019-10-28 11:11:59 +0000  Running /usr/bin/codesign '-vvv' '--force' '--sign' '86C3AEC0846A2428B5D43803926B11982A1E0E5F' '--entitlements' '/var/folders/49/x980jxds1475p7jyl_qsg7wm0000gn/T/XcodeDistPipeline.~~~NIC8Hy/entitlements~~~nnHsWn' '--preserve-metadata=identifier,flags,runtime' '/var/folders/49/x980jxds1475p7jyl_qsg7wm0000gn/T/XcodeDistPipeline.~~~NIC8Hy/Root/Payload/mobile 911.app/Frameworks/libswiftFoundation.dylib'
2019-10-28 11:12:00 +0000  /var/folders/49/x980jxds1475p7jyl_qsg7wm0000gn/T/XcodeDistPipeline.~~~NIC8Hy/Root/Payload/mobile 911.app/Frameworks/libswiftFoundation.dylib: signed Mach-O universal (armv7 armv7s arm64) [com.apple.dt.runtime.swiftFoundation]
2019-10-28 11:12:00 +0000  /usr/bin/codesign exited with 0
2019-10-28 11:12:00 +0000  Entitlements for <IDEDistributionItem: 0x7fc13bf51690 'com.apple.dt.runtime.swiftMapKit' '<DVTFilePath:0x7fc1343be6d0:'/Users/ezequiel/Library/Developer/Xcode/Archives/2019-07-11/mobile 911 11-07-2019, 12.50.xcarchive/Products/Applications/mobile 911.app/Frameworks/libswiftMapKit.dylib'>'>: {
}
2019-10-28 11:12:00 +0000  Writing entitlements for <IDEDistributionItem: 0x7fc13bf51690 'com.apple.dt.runtime.swiftMapKit' '<DVTFilePath:0x7fc1343be6d0:'/Users/ezequiel/Library/Developer/Xcode/Archives/2019-07-11/mobile 911 11-07-2019, 12.50.xcarchive/Products/Applications/mobile 911.app/Frameworks/libswiftMapKit.dylib'>'> to: /var/folders/49/x980jxds1475p7jyl_qsg7wm0000gn/T/XcodeDistPipeline.~~~NIC8Hy/entitlements~~~c2i0vS
2019-10-28 11:12:00 +0000  Running /usr/bin/codesign '-vvv' '--force' '--sign' '86C3AEC0846A2428B5D43803926B11982A1E0E5F' '--entitlements' '/var/folders/49/x980jxds1475p7jyl_qsg7wm0000gn/T/XcodeDistPipeline.~~~NIC8Hy/entitlements~~~c2i0vS' '--preserve-metadata=identifier,flags,runtime' '/var/folders/49/x980jxds1475p7jyl_qsg7wm0000gn/T/XcodeDistPipeline.~~~NIC8Hy/Root/Payload/mobile 911.app/Frameworks/libswiftMapKit.dylib'
2019-10-28 11:12:00 +0000  /var/folders/49/x980jxds1475p7jyl_qsg7wm0000gn/T/XcodeDistPipeline.~~~NIC8Hy/Root/Payload/mobile 911.app/Frameworks/libswiftMapKit.dylib: signed Mach-O universal (armv7 armv7s arm64) [com.apple.dt.runtime.swiftMapKit]
2019-10-28 11:12:00 +0000  /usr/bin/codesign exited with 0
2019-10-28 11:12:00 +0000  Entitlements for <IDEDistributionItem: 0x7fc13cca4640 'com.apple.dt.runtime.swiftMetal' '<DVTFilePath:0x7fc13bc38580:'/Users/ezequiel/Library/Developer/Xcode/Archives/2019-07-11/mobile 911 11-07-2019, 12.50.xcarchive/Products/Applications/mobile 911.app/Frameworks/libswiftMetal.dylib'>'>: {
}
2019-10-28 11:12:00 +0000  Writing entitlements for <IDEDistributionItem: 0x7fc13cca4640 'com.apple.dt.runtime.swiftMetal' '<DVTFilePath:0x7fc13bc38580:'/Users/ezequiel/Library/Developer/Xcode/Archives/2019-07-11/mobile 911 11-07-2019, 12.50.xcarchive/Products/Applications/mobile 911.app/Frameworks/libswiftMetal.dylib'>'> to: /var/folders/49/x980jxds1475p7jyl_qsg7wm0000gn/T/XcodeDistPipeline.~~~NIC8Hy/entitlements~~~TDiT28
2019-10-28 11:12:00 +0000  Running /usr/bin/codesign '-vvv' '--force' '--sign' '86C3AEC0846A2428B5D43803926B11982A1E0E5F' '--entitlements' '/var/folders/49/x980jxds1475p7jyl_qsg7wm0000gn/T/XcodeDistPipeline.~~~NIC8Hy/entitlements~~~TDiT28' '--preserve-metadata=identifier,flags,runtime' '/var/folders/49/x980jxds1475p7jyl_qsg7wm0000gn/T/XcodeDistPipeline.~~~NIC8Hy/Root/Payload/mobile 911.app/Frameworks/libswiftMetal.dylib'
2019-10-28 11:12:00 +0000  /var/folders/49/x980jxds1475p7jyl_qsg7wm0000gn/T/XcodeDistPipeline.~~~NIC8Hy/Root/Payload/mobile 911.app/Frameworks/libswiftMetal.dylib: signed Mach-O universal (armv7 armv7s arm64) [com.apple.dt.runtime.swiftMetal]
2019-10-28 11:12:00 +0000  /usr/bin/codesign exited with 0
2019-10-28 11:12:00 +0000  Entitlements for <IDEDistributionItem: 0x7fc12e7e5740 'com.apple.dt.runtime.swiftObjectiveC' '<DVTFilePath:0x7fc13c4e9e30:'/Users/ezequiel/Library/Developer/Xcode/Archives/2019-07-11/mobile 911 11-07-2019, 12.50.xcarchive/Products/Applications/mobile 911.app/Frameworks/libswiftObjectiveC.dylib'>'>: {
}
2019-10-28 11:12:00 +0000  Writing entitlements for <IDEDistributionItem: 0x7fc12e7e5740 'com.apple.dt.runtime.swiftObjectiveC' '<DVTFilePath:0x7fc13c4e9e30:'/Users/ezequiel/Library/Developer/Xcode/Archives/2019-07-11/mobile 911 11-07-2019, 12.50.xcarchive/Products/Applications/mobile 911.app/Frameworks/libswiftObjectiveC.dylib'>'> to: /var/folders/49/x980jxds1475p7jyl_qsg7wm0000gn/T/XcodeDistPipeline.~~~NIC8Hy/entitlements~~~IBtbRw
2019-10-28 11:12:00 +0000  Running /usr/bin/codesign '-vvv' '--force' '--sign' '86C3AEC0846A2428B5D43803926B11982A1E0E5F' '--entitlements' '/var/folders/49/x980jxds1475p7jyl_qsg7wm0000gn/T/XcodeDistPipeline.~~~NIC8Hy/entitlements~~~IBtbRw' '--preserve-metadata=identifier,flags,runtime' '/var/folders/49/x980jxds1475p7jyl_qsg7wm0000gn/T/XcodeDistPipeline.~~~NIC8Hy/Root/Payload/mobile 911.app/Frameworks/libswiftObjectiveC.dylib'
2019-10-28 11:12:00 +0000  /var/folders/49/x980jxds1475p7jyl_qsg7wm0000gn/T/XcodeDistPipeline.~~~NIC8Hy/Root/Payload/mobile 911.app/Frameworks/libswiftObjectiveC.dylib: signed Mach-O universal (armv7 armv7s arm64) [com.apple.dt.runtime.swiftObjectiveC]
2019-10-28 11:12:00 +0000  /usr/bin/codesign exited with 0
2019-10-28 11:12:00 +0000  Entitlements for <IDEDistributionItem: 0x7fc13ccf42f0 'com.apple.dt.runtime.swiftQuartzCore' '<DVTFilePath:0x7fc13bea9430:'/Users/ezequiel/Library/Developer/Xcode/Archives/2019-07-11/mobile 911 11-07-2019, 12.50.xcarchive/Products/Applications/mobile 911.app/Frameworks/libswiftQuartzCore.dylib'>'>: {
}
2019-10-28 11:12:00 +0000  Writing entitlements for <IDEDistributionItem: 0x7fc13ccf42f0 'com.apple.dt.runtime.swiftQuartzCore' '<DVTFilePath:0x7fc13bea9430:'/Users/ezequiel/Library/Developer/Xcode/Archives/2019-07-11/mobile 911 11-07-2019, 12.50.xcarchive/Products/Applications/mobile 911.app/Frameworks/libswiftQuartzCore.dylib'>'> to: /var/folders/49/x980jxds1475p7jyl_qsg7wm0000gn/T/XcodeDistPipeline.~~~NIC8Hy/entitlements~~~bqFLE5
2019-10-28 11:12:00 +0000  Running /usr/bin/codesign '-vvv' '--force' '--sign' '86C3AEC0846A2428B5D43803926B11982A1E0E5F' '--entitlements' '/var/folders/49/x980jxds1475p7jyl_qsg7wm0000gn/T/XcodeDistPipeline.~~~NIC8Hy/entitlements~~~bqFLE5' '--preserve-metadata=identifier,flags,runtime' '/var/folders/49/x980jxds1475p7jyl_qsg7wm0000gn/T/XcodeDistPipeline.~~~NIC8Hy/Root/Payload/mobile 911.app/Frameworks/libswiftQuartzCore.dylib'
2019-10-28 11:12:00 +0000  /var/folders/49/x980jxds1475p7jyl_qsg7wm0000gn/T/XcodeDistPipeline.~~~NIC8Hy/Root/Payload/mobile 911.app/Frameworks/libswiftQuartzCore.dylib: signed Mach-O universal (armv7 armv7s arm64) [com.apple.dt.runtime.swiftQuartzCore]
2019-10-28 11:12:00 +0000  /usr/bin/codesign exited with 0
2019-10-28 11:12:00 +0000  Entitlements for <IDEDistributionItem: 0x7fc13ca40720 'com.apple.dt.runtime.swiftUIKit' '<DVTFilePath:0x7fc1351ed460:'/Users/ezequiel/Library/Developer/Xcode/Archives/2019-07-11/mobile 911 11-07-2019, 12.50.xcarchive/Products/Applications/mobile 911.app/Frameworks/libswiftUIKit.dylib'>'>: {
}
2019-10-28 11:12:00 +0000  Writing entitlements for <IDEDistributionItem: 0x7fc13ca40720 'com.apple.dt.runtime.swiftUIKit' '<DVTFilePath:0x7fc1351ed460:'/Users/ezequiel/Library/Developer/Xcode/Archives/2019-07-11/mobile 911 11-07-2019, 12.50.xcarchive/Products/Applications/mobile 911.app/Frameworks/libswiftUIKit.dylib'>'> to: /var/folders/49/x980jxds1475p7jyl_qsg7wm0000gn/T/XcodeDistPipeline.~~~NIC8Hy/entitlements~~~aNeYJq
2019-10-28 11:12:00 +0000  Running /usr/bin/codesign '-vvv' '--force' '--sign' '86C3AEC0846A2428B5D43803926B11982A1E0E5F' '--entitlements' '/var/folders/49/x980jxds1475p7jyl_qsg7wm0000gn/T/XcodeDistPipeline.~~~NIC8Hy/entitlements~~~aNeYJq' '--preserve-metadata=identifier,flags,runtime' '/var/folders/49/x980jxds1475p7jyl_qsg7wm0000gn/T/XcodeDistPipeline.~~~NIC8Hy/Root/Payload/mobile 911.app/Frameworks/libswiftUIKit.dylib'
2019-10-28 11:12:00 +0000  /var/folders/49/x980jxds1475p7jyl_qsg7wm0000gn/T/XcodeDistPipeline.~~~NIC8Hy/Root/Payload/mobile 911.app/Frameworks/libswiftUIKit.dylib: signed Mach-O universal (armv7 armv7s arm64) [com.apple.dt.runtime.swiftUIKit]
2019-10-28 11:12:00 +0000  /usr/bin/codesign exited with 0
2019-10-28 11:12:00 +0000  Entitlements for <IDEDistributionItem: 0x7fc13bf1dd20 'com.apple.dt.runtime.swiftos' '<DVTFilePath:0x7fc13bc42830:'/Users/ezequiel/Library/Developer/Xcode/Archives/2019-07-11/mobile 911 11-07-2019, 12.50.xcarchive/Products/Applications/mobile 911.app/Frameworks/libswiftos.dylib'>'>: {
}
2019-10-28 11:12:00 +0000  Writing entitlements for <IDEDistributionItem: 0x7fc13bf1dd20 'com.apple.dt.runtime.swiftos' '<DVTFilePath:0x7fc13bc42830:'/Users/ezequiel/Library/Developer/Xcode/Archives/2019-07-11/mobile 911 11-07-2019, 12.50.xcarchive/Products/Applications/mobile 911.app/Frameworks/libswiftos.dylib'>'> to: /var/folders/49/x980jxds1475p7jyl_qsg7wm0000gn/T/XcodeDistPipeline.~~~NIC8Hy/entitlements~~~dzyZJL
2019-10-28 11:12:00 +0000  Running /usr/bin/codesign '-vvv' '--force' '--sign' '86C3AEC0846A2428B5D43803926B11982A1E0E5F' '--entitlements' '/var/folders/49/x980jxds1475p7jyl_qsg7wm0000gn/T/XcodeDistPipeline.~~~NIC8Hy/entitlements~~~dzyZJL' '--preserve-metadata=identifier,flags,runtime' '/var/folders/49/x980jxds1475p7jyl_qsg7wm0000gn/T/XcodeDistPipeline.~~~NIC8Hy/Root/Payload/mobile 911.app/Frameworks/libswiftos.dylib'
2019-10-28 11:12:00 +0000  /var/folders/49/x980jxds1475p7jyl_qsg7wm0000gn/T/XcodeDistPipeline.~~~NIC8Hy/Root/Payload/mobile 911.app/Frameworks/libswiftos.dylib: signed Mach-O universal (armv7 armv7s arm64) [com.apple.dt.runtime.swiftos]
2019-10-28 11:12:00 +0000  /usr/bin/codesign exited with 0
2019-10-28 11:12:00 +0000  Entitlements for <IDEDistributionItem: 0x7fc13ccddd10 'ar.com.soflex.mobile-911' '<DVTFilePath:0x7fc13c3afce0:'/Users/ezequiel/Library/Developer/Xcode/Archives/2019-07-11/mobile 911 11-07-2019, 12.50.xcarchive/Products/Applications/mobile 911.app'>'>: {
    "application-identifier" = "QARNUHFYLX.ar.com.soflex.mobile-911";
    "beta-reports-active" = 1;
    "com.apple.developer.team-identifier" = QARNUHFYLX;
    "get-task-allow" = 0;
    "keychain-access-groups" =     (
        "QARNUHFYLX.ar.com.soflex.mobile-911"
    );
}
2019-10-28 11:12:00 +0000  Writing entitlements for <IDEDistributionItem: 0x7fc13ccddd10 'ar.com.soflex.mobile-911' '<DVTFilePath:0x7fc13c3afce0:'/Users/ezequiel/Library/Developer/Xcode/Archives/2019-07-11/mobile 911 11-07-2019, 12.50.xcarchive/Products/Applications/mobile 911.app'>'> to: /var/folders/49/x980jxds1475p7jyl_qsg7wm0000gn/T/XcodeDistPipeline.~~~NIC8Hy/entitlements~~~QisqcP
2019-10-28 11:12:00 +0000  Running /usr/bin/codesign '-vvv' '--force' '--sign' '86C3AEC0846A2428B5D43803926B11982A1E0E5F' '--entitlements' '/var/folders/49/x980jxds1475p7jyl_qsg7wm0000gn/T/XcodeDistPipeline.~~~NIC8Hy/entitlements~~~QisqcP' '--preserve-metadata=identifier,flags,runtime' '/var/folders/49/x980jxds1475p7jyl_qsg7wm0000gn/T/XcodeDistPipeline.~~~NIC8Hy/Root/Payload/mobile 911.app'
2019-10-28 11:12:01 +0000  /var/folders/49/x980jxds1475p7jyl_qsg7wm0000gn/T/XcodeDistPipeline.~~~NIC8Hy/Root/Payload/mobile 911.app: signed app bundle with Mach-O thin (arm64) [ar.com.soflex.mobile-911]
2019-10-28 11:12:01 +0000  /usr/bin/codesign exited with 0
2019-10-28 11:12:01 +0000  Processing step: IDEDistributionZipODRItemStep
2019-10-28 11:12:01 +0000  Skipping step: IDEDistributionZipODRItemStep because it said so
2019-10-28 11:12:01 +0000  Skipping step: IDEDistributionZipODRItemStep because it said so
2019-10-28 11:12:01 +0000  Skipping step: IDEDistributionZipODRItemStep because it said so
2019-10-28 11:12:01 +0000  Skipping step: IDEDistributionZipODRItemStep because it said so
2019-10-28 11:12:01 +0000  Skipping step: IDEDistributionZipODRItemStep because it said so
2019-10-28 11:12:01 +0000  Skipping step: IDEDistributionZipODRItemStep because it said so
2019-10-28 11:12:01 +0000  Skipping step: IDEDistributionZipODRItemStep because it said so
2019-10-28 11:12:01 +0000  Skipping step: IDEDistributionZipODRItemStep because it said so
2019-10-28 11:12:01 +0000  Skipping step: IDEDistributionZipODRItemStep because it said so
2019-10-28 11:12:01 +0000  Skipping step: IDEDistributionZipODRItemStep because it said so
2019-10-28 11:12:01 +0000  Skipping step: IDEDistributionZipODRItemStep because it said so
2019-10-28 11:12:01 +0000  Skipping step: IDEDistributionZipODRItemStep because it said so
2019-10-28 11:12:01 +0000  Skipping step: IDEDistributionZipODRItemStep because it said so
2019-10-28 11:12:01 +0000  Skipping step: IDEDistributionZipODRItemStep because it said so
2019-10-28 11:12:01 +0000  Skipping step: IDEDistributionZipODRItemStep because it said so
2019-10-28 11:12:01 +0000  Skipping step: IDEDistributionZipODRItemStep because it said so
2019-10-28 11:12:01 +0000  Skipping step: IDEDistributionZipODRItemStep because it said so
2019-10-28 11:12:01 +0000  Skipping step: IDEDistributionZipODRItemStep because it said so
2019-10-28 11:12:01 +0000  Processing step: IDEDistributionCreateIPAStep
2019-10-28 11:12:01 +0000  Running /usr/bin/ditto '-V' '-c' '-k' '--norsrc' '/var/folders/49/x980jxds1475p7jyl_qsg7wm0000gn/T/XcodeDistPipeline.~~~NIC8Hy/Root' '/var/folders/49/x980jxds1475p7jyl_qsg7wm0000gn/T/XcodeDistPipeline.~~~NIC8Hy/Packages/mobile 911.ipa'
2019-10-28 11:12:01 +0000  >>> Copying /var/folders/49/x980jxds1475p7jyl_qsg7wm0000gn/T/XcodeDistPipeline.~~~NIC8Hy/Root 
2019-10-28 11:12:01 +0000  copying file ./Payload/mobile 911.app/_CodeSignature/CodeResources ... 
2019-10-28 11:12:01 +0000  16693 bytes for ./Payload/mobile 911.app/_CodeSignature/CodeResources
2019-10-28 11:12:01 +0000  copying file ./Payload/mobile 911.app/es-419.lproj/LaunchScreen.strings ... 
1 bytes for ./Payload/mobile 911.app/es-419.lproj/LaunchScreen.strings
copying file ./Payload/mobile 911.app/es-419.lproj/Main.strings ... 
1833 bytes for ./Payload/mobile 911.app/es-419.lproj/Main.strings
2019-10-28 11:12:01 +0000  copying file ./Payload/mobile 911.app/AppIcon60x60@2x.png ... 
5255 bytes for ./Payload/mobile 911.app/AppIcon60x60@2x.png
2019-10-28 11:12:01 +0000  copying file ./Payload/mobile 911.app/Base.lproj/Main.storyboardc/datos.nib ... 
2019-10-28 11:12:01 +0000  1030 bytes for ./Payload/mobile 911.app/Base.lproj/Main.storyboardc/datos.nib
copying file ./Payload/mobile 911.app/Base.lproj/Main.storyboardc/Rs7-lt-orJ-view-M8L-ff-6Z3.nib ... 
2019-10-28 11:12:01 +0000  4067 bytes for ./Payload/mobile 911.app/Base.lproj/Main.storyboardc/Rs7-lt-orJ-view-M8L-ff-6Z3.nib
copying file ./Payload/mobile 911.app/Base.lproj/Main.storyboardc/KGR-zb-h9i-view-WfM-hV-Ius.nib ... 
2019-10-28 11:12:01 +0000  7085 bytes for ./Payload/mobile 911.app/Base.lproj/Main.storyboardc/KGR-zb-h9i-view-WfM-hV-Ius.nib
copying file ./Payload/mobile 911.app/Base.lproj/Main.storyboardc/ut7-Rn-7cq-view-KDT-xn-dM1.nib ... 
2019-10-28 11:12:01 +0000  3083 bytes for ./Payload/mobile 911.app/Base.lproj/Main.storyboardc/ut7-Rn-7cq-view-KDT-xn-dM1.nib
copying file ./Payload/mobile 911.app/Base.lproj/Main.storyboardc/QhX-KN-b6V-view-pKq-8h-HT1.nib ... 
2019-10-28 11:12:01 +0000  4597 bytes for ./Payload/mobile 911.app/Base.lproj/Main.storyboardc/QhX-KN-b6V-view-pKq-8h-HT1.nib
copying file ./Payload/mobile 911.app/Base.lproj/Main.storyboardc/DKQ-Kl-Env-view-2g8-EW-I4X.nib ... 
2019-10-28 11:12:01 +0000  25689 bytes for ./Payload/mobile 911.app/Base.lproj/Main.storyboardc/DKQ-Kl-Env-view-2g8-EW-I4X.nib
copying file ./Payload/mobile 911.app/Base.lproj/Main.storyboardc/UIViewController-Rs7-lt-orJ.nib ... 
2019-10-28 11:12:01 +0000  1697 bytes for ./Payload/mobile 911.app/Base.lproj/Main.storyboardc/UIViewController-Rs7-lt-orJ.nib
copying file ./Payload/mobile 911.app/Base.lproj/Main.storyboardc/inicio.nib ... 
2019-10-28 11:12:01 +0000  1289 bytes for ./Payload/mobile 911.app/Base.lproj/Main.storyboardc/inicio.nib
copying file ./Payload/mobile 911.app/Base.lproj/Main.storyboardc/UIViewController-QhX-KN-b6V.nib ... 
2019-10-28 11:12:01 +0000  1775 bytes for ./Payload/mobile 911.app/Base.lproj/Main.storyboardc/UIViewController-QhX-KN-b6V.nib
copying file ./Payload/mobile 911.app/Base.lproj/Main.storyboardc/mapa.nib ... 
2019-10-28 11:12:01 +0000  2016 bytes for ./Payload/mobile 911.app/Base.lproj/Main.storyboardc/mapa.nib
copying file ./Payload/mobile 911.app/Base.lproj/Main.storyboardc/about.nib ... 
2019-10-28 11:12:01 +0000  1525 bytes for ./Payload/mobile 911.app/Base.lproj/Main.storyboardc/about.nib
copying file ./Payload/mobile 911.app/Base.lproj/Main.storyboardc/BYZ-38-t0r-view-8bC-Xf-vdC.nib ... 
2019-10-28 11:12:01 +0000  7084 bytes for ./Payload/mobile 911.app/Base.lproj/Main.storyboardc/BYZ-38-t0r-view-8bC-Xf-vdC.nib
copying file ./Payload/mobile 911.app/Base.lproj/Main.storyboardc/chq-qP-qUK-view-BXv-KR-1rK.nib ... 
2019-10-28 11:12:01 +0000  5475 bytes for ./Payload/mobile 911.app/Base.lproj/Main.storyboardc/chq-qP-qUK-view-BXv-KR-1rK.nib
copying file ./Payload/mobile 911.app/Base.lproj/Main.storyboardc/UINavigationController-8gF-0l-BWN.nib ... 
2019-10-28 11:12:01 +0000  2666 bytes for ./Payload/mobile 911.app/Base.lproj/Main.storyboardc/UINavigationController-8gF-0l-BWN.nib
copying file ./Payload/mobile 911.app/Base.lproj/Main.storyboardc/Info.plist ... 
2019-10-28 11:12:01 +0000  555 bytes for ./Payload/mobile 911.app/Base.lproj/Main.storyboardc/Info.plist
copying file ./Payload/mobile 911.app/Base.lproj/Main.storyboardc/UIViewController-DKQ-Kl-Env.nib ... 
1079 bytes for ./Payload/mobile 911.app/Base.lproj/Main.storyboardc/UIViewController-DKQ-Kl-Env.nib
2019-10-28 11:12:01 +0000  copying file ./Payload/mobile 911.app/Base.lproj/LaunchScreen.storyboardc/01J-lp-oVM-view-Ze5-6b-2t3.nib ... 
2019-10-28 11:12:01 +0000  1136 bytes for ./Payload/mobile 911.app/Base.lproj/LaunchScreen.storyboardc/01J-lp-oVM-view-Ze5-6b-2t3.nib
copying file ./Payload/mobile 911.app/Base.lproj/LaunchScreen.storyboardc/UIViewController-01J-lp-oVM.nib ... 
2019-10-28 11:12:01 +0000  832 bytes for ./Payload/mobile 911.app/Base.lproj/LaunchScreen.storyboardc/UIViewController-01J-lp-oVM.nib
copying file ./Payload/mobile 911.app/Base.lproj/LaunchScreen.storyboardc/Info.plist ... 
2019-10-28 11:12:01 +0000  258 bytes for ./Payload/mobile 911.app/Base.lproj/LaunchScreen.storyboardc/Info.plist
copying file ./Payload/mobile 911.app/mobile 911 ... 
2019-10-28 11:12:01 +0000  340512 bytes for ./Payload/mobile 911.app/mobile 911
copying file ./Payload/mobile 911.app/Assets.car ... 
2019-10-28 11:12:01 +0000  284072 bytes for ./Payload/mobile 911.app/Assets.car
2019-10-28 11:12:01 +0000  copying file ./Payload/mobile 911.app/Frameworks/libswiftMapKit.dylib ... 
2019-10-28 11:12:01 +0000  257568 bytes for ./Payload/mobile 911.app/Frameworks/libswiftMapKit.dylib
2019-10-28 11:12:01 +0000  copying file ./Payload/mobile 911.app/Frameworks/libswiftCoreImage.dylib ... 
2019-10-28 11:12:01 +0000  253632 bytes for ./Payload/mobile 911.app/Frameworks/libswiftCoreImage.dylib
2019-10-28 11:12:01 +0000  copying file ./Payload/mobile 911.app/Frameworks/libswiftObjectiveC.dylib ... 
2019-10-28 11:12:01 +0000  302640 bytes for ./Payload/mobile 911.app/Frameworks/libswiftObjectiveC.dylib
copying file ./Payload/mobile 911.app/Frameworks/libswiftCore.dylib ... 
2019-10-28 11:12:01 +0000  16915040 bytes for ./Payload/mobile 911.app/Frameworks/libswiftCore.dylib
copying file ./Payload/mobile 911.app/Frameworks/libswiftCoreGraphics.dylib ... 
2019-10-28 11:12:01 +0000  646848 bytes for ./Payload/mobile 911.app/Frameworks/libswiftCoreGraphics.dylib
copying file ./Payload/mobile 911.app/Frameworks/libswiftUIKit.dylib ... 
2019-10-28 11:12:01 +0000  477152 bytes for ./Payload/mobile 911.app/Frameworks/libswiftUIKit.dylib
copying file ./Payload/mobile 911.app/Frameworks/libswiftMetal.dylib ... 
2019-10-28 11:12:01 +0000  298096 bytes for ./Payload/mobile 911.app/Frameworks/libswiftMetal.dylib
2019-10-28 11:12:01 +0000  copying file ./Payload/mobile 911.app/Frameworks/libswiftDispatch.dylib ... 
2019-10-28 11:12:01 +0000  1018912 bytes for ./Payload/mobile 911.app/Frameworks/libswiftDispatch.dylib
copying file ./Payload/mobile 911.app/Frameworks/libswiftos.dylib ... 
2019-10-28 11:12:01 +0000  299424 bytes for ./Payload/mobile 911.app/Frameworks/libswiftos.dylib
copying file ./Payload/mobile 911.app/Frameworks/libswiftCoreFoundation.dylib ... 
2019-10-28 11:12:01 +0000  253776 bytes for ./Payload/mobile 911.app/Frameworks/libswiftCoreFoundation.dylib
2019-10-28 11:12:01 +0000  copying file ./Payload/mobile 911.app/Frameworks/Eureka.framework/_CodeSignature/CodeResources ... 
2019-10-28 11:12:01 +0000  3768 bytes for ./Payload/mobile 911.app/Frameworks/Eureka.framework/_CodeSignature/CodeResources
copying file ./Payload/mobile 911.app/Frameworks/Eureka.framework/Eureka ... 
2019-10-28 11:12:01 +0000  3202176 bytes for ./Payload/mobile 911.app/Frameworks/Eureka.framework/Eureka
2019-10-28 11:12:01 +0000  copying file ./Payload/mobile 911.app/Frameworks/Eureka.framework/Eureka.bundle/forward-chevron@3x.png ... 
1710 bytes for ./Payload/mobile 911.app/Frameworks/Eureka.framework/Eureka.bundle/forward-chevron@3x.png
copying file ./Payload/mobile 911.app/Frameworks/Eureka.framework/Eureka.bundle/forward-chevron@2x.png ... 
1543 bytes for ./Payload/mobile 911.app/Frameworks/Eureka.framework/Eureka.bundle/forward-chevron@2x.png
copying file ./Payload/mobile 911.app/Frameworks/Eureka.framework/Eureka.bundle/back-chevron@1x.png ... 
1376 bytes for ./Payload/mobile 911.app/Frameworks/Eureka.framework/Eureka.bundle/back-chevron@1x.png
copying file ./Payload/mobile 911.app/Frameworks/Eureka.framework/Eureka.bundle/forward-chevron@1x.png ... 
1400 bytes for ./Payload/mobile 911.app/Frameworks/Eureka.framework/Eureka.bundle/forward-chevron@1x.png
copying file ./Payload/mobile 911.app/Frameworks/Eureka.framework/Eureka.bundle/back-chevron@2x.png ... 
1534 bytes for ./Payload/mobile 911.app/Frameworks/Eureka.framework/Eureka.bundle/back-chevron@2x.png
copying file ./Payload/mobile 911.app/Frameworks/Eureka.framework/Eureka.bundle/back-chevron@3x.png ... 
1699 bytes for ./Payload/mobile 911.app/Frameworks/Eureka.framework/Eureka.bundle/back-chevron@3x.png
copying file ./Payload/mobile 911.app/Frameworks/Eureka.framework/Info.plist ... 
736 bytes for ./Payload/mobile 911.app/Frameworks/Eureka.framework/Info.plist
copying file ./Payload/mobile 911.app/Frameworks/libswiftDarwin.dylib ... 
2019-10-28 11:12:01 +0000  369728 bytes for ./Payload/mobile 911.app/Frameworks/libswiftDarwin.dylib
copying file ./Payload/mobile 911.app/Frameworks/libswiftQuartzCore.dylib ... 
2019-10-28 11:12:01 +0000  256864 bytes for ./Payload/mobile 911.app/Frameworks/libswiftQuartzCore.dylib
2019-10-28 11:12:01 +0000  copying file ./Payload/mobile 911.app/Frameworks/Toast_Swift.framework/_CodeSignature/CodeResources ... 
1798 bytes for ./Payload/mobile 911.app/Frameworks/Toast_Swift.framework/_CodeSignature/CodeResources
copying file ./Payload/mobile 911.app/Frameworks/Toast_Swift.framework/Toast_Swift ... 
2019-10-28 11:12:01 +0000  222832 bytes for ./Payload/mobile 911.app/Frameworks/Toast_Swift.framework/Toast_Swift
copying file ./Payload/mobile 911.app/Frameworks/Toast_Swift.framework/Info.plist ... 
2019-10-28 11:12:01 +0000  746 bytes for ./Payload/mobile 911.app/Frameworks/Toast_Swift.framework/Info.plist
copying file ./Payload/mobile 911.app/Frameworks/SnapKit.framework/_CodeSignature/CodeResources ... 
1798 bytes for ./Payload/mobile 911.app/Frameworks/SnapKit.framework/_CodeSignature/CodeResources
2019-10-28 11:12:01 +0000  copying file ./Payload/mobile 911.app/Frameworks/SnapKit.framework/SnapKit ... 
2019-10-28 11:12:01 +0000  417920 bytes for ./Payload/mobile 911.app/Frameworks/SnapKit.framework/SnapKit
copying file ./Payload/mobile 911.app/Frameworks/SnapKit.framework/Info.plist ... 
2019-10-28 11:12:01 +0000  738 bytes for ./Payload/mobile 911.app/Frameworks/SnapKit.framework/Info.plist
copying file ./Payload/mobile 911.app/Frameworks/libswiftFoundation.dylib ... 
2019-10-28 11:12:02 +0000  8479536 bytes for ./Payload/mobile 911.app/Frameworks/libswiftFoundation.dylib
copying file ./Payload/mobile 911.app/Frameworks/libswiftCoreLocation.dylib ... 
2019-10-28 11:12:02 +0000  304112 bytes for ./Payload/mobile 911.app/Frameworks/libswiftCoreLocation.dylib
2019-10-28 11:12:02 +0000  copying file ./Payload/mobile 911.app/embedded.mobileprovision ... 
2019-10-28 11:12:02 +0000  9190 bytes for ./Payload/mobile 911.app/embedded.mobileprovision
copying file ./Payload/mobile 911.app/Info.plist ... 
1798 bytes for ./Payload/mobile 911.app/Info.plist
2019-10-28 11:12:02 +0000  copying file ./Payload/mobile 911.app/PkgInfo ... 
8 bytes for ./Payload/mobile 911.app/PkgInfo
2019-10-28 11:12:02 +0000  copying file ./SwiftSupport/iphoneos/libswiftMapKit.dylib ... 
2019-10-28 11:12:02 +0000  461296 bytes for ./SwiftSupport/iphoneos/libswiftMapKit.dylib
2019-10-28 11:12:02 +0000  copying file ./SwiftSupport/iphoneos/libswiftCoreImage.dylib ... 
2019-10-28 11:12:02 +0000  408288 bytes for ./SwiftSupport/iphoneos/libswiftCoreImage.dylib
2019-10-28 11:12:02 +0000  copying file ./SwiftSupport/iphoneos/libswiftObjectiveC.dylib ... 
2019-10-28 11:12:02 +0000  621408 bytes for ./SwiftSupport/iphoneos/libswiftObjectiveC.dylib
2019-10-28 11:12:02 +0000  copying file ./SwiftSupport/iphoneos/libswiftCore.dylib ... 
2019-10-28 11:12:06 +0000  95439296 bytes for ./SwiftSupport/iphoneos/libswiftCore.dylib
copying file ./SwiftSupport/iphoneos/libswiftCoreGraphics.dylib ... 
2019-10-28 11:12:06 +0000  1999136 bytes for ./SwiftSupport/iphoneos/libswiftCoreGraphics.dylib
copying file ./SwiftSupport/iphoneos/libswiftUIKit.dylib ... 
2019-10-28 11:12:06 +0000  1550528 bytes for ./SwiftSupport/iphoneos/libswiftUIKit.dylib
copying file ./SwiftSupport/iphoneos/libswiftMetal.dylib ... 
2019-10-28 11:12:06 +0000  666144 bytes for ./SwiftSupport/iphoneos/libswiftMetal.dylib
copying file ./SwiftSupport/iphoneos/libswiftDispatch.dylib ... 
2019-10-28 11:12:06 +0000  4015008 bytes for ./SwiftSupport/iphoneos/libswiftDispatch.dylib
copying file ./SwiftSupport/iphoneos/libswiftos.dylib ... 
2019-10-28 11:12:06 +0000  798896 bytes for ./SwiftSupport/iphoneos/libswiftos.dylib
copying file ./SwiftSupport/iphoneos/libswiftCoreFoundation.dylib ... 
2019-10-28 11:12:06 +0000  392112 bytes for ./SwiftSupport/iphoneos/libswiftCoreFoundation.dylib
copying file ./SwiftSupport/iphoneos/libswiftDarwin.dylib ... 
2019-10-28 11:12:06 +0000  1049536 bytes for ./SwiftSupport/iphoneos/libswiftDarwin.dylib
copying file ./SwiftSupport/iphoneos/libswiftQuartzCore.dylib ... 
2019-10-28 11:12:06 +0000  477216 bytes for ./SwiftSupport/iphoneos/libswiftQuartzCore.dylib
copying file ./SwiftSupport/iphoneos/libswiftFoundation.dylib ... 
2019-10-28 11:12:08 +0000  43068800 bytes for ./SwiftSupport/iphoneos/libswiftFoundation.dylib
2019-10-28 11:12:08 +0000  copying file ./SwiftSupport/iphoneos/libswiftCoreLocation.dylib ... 
2019-10-28 11:12:08 +0000  721088 bytes for ./SwiftSupport/iphoneos/libswiftCoreLocation.dylib
2019-10-28 11:12:08 +0000  copying file ./AppThinning.plist ... 
228 bytes for ./AppThinning.plist
2019-10-28 11:12:08 +0000  /usr/bin/ditto exited with 0
2019-10-28 11:12:08 +0000  Processing step: IDEDistributionAppStoreInformationStep
2019-10-28 11:12:08 +0000  Skipping step: IDEDistributionAppStoreInformationStep because it said so
2019-10-28 11:12:08 +0000  Processing step: IDEDistributionCreateManifestStep
2019-10-28 11:12:08 +0000  Skipping step: IDEDistributionCreateManifestStep because it said so
